mode: atomic
github.com/roboco-io/gh-project-cli/internal/cmd/auth/auth.go:8.34,36.2 3 0
github.com/roboco-io/gh-project-cli/internal/cmd/auth/status.go:19.36,36.50 2 0
github.com/roboco-io/gh-project-cli/internal/cmd/auth/status.go:36.50,38.4 1 0
github.com/roboco-io/gh-project-cli/internal/cmd/auth/status.go:41.2,43.12 2 0
github.com/roboco-io/gh-project-cli/internal/cmd/auth/status.go:46.43,50.21 3 0
github.com/roboco-io/gh-project-cli/internal/cmd/auth/status.go:51.14,52.34 1 0
github.com/roboco-io/gh-project-cli/internal/cmd/auth/status.go:53.15,54.35 1 0
github.com/roboco-io/gh-project-cli/internal/cmd/auth/status.go:55.10,56.55 1 0
github.com/roboco-io/gh-project-cli/internal/cmd/auth/status.go:60.50,65.22 3 0
github.com/roboco-io/gh-project-cli/internal/cmd/auth/status.go:65.22,67.3 1 0
github.com/roboco-io/gh-project-cli/internal/cmd/auth/status.go:67.8,69.3 1 0
github.com/roboco-io/gh-project-cli/internal/cmd/auth/status.go:72.2,75.27 3 0
github.com/roboco-io/gh-project-cli/internal/cmd/auth/status.go:75.27,77.3 1 0
github.com/roboco-io/gh-project-cli/internal/cmd/auth/status.go:77.8,79.3 1 0
github.com/roboco-io/gh-project-cli/internal/cmd/auth/status.go:81.2,81.24 1 0
github.com/roboco-io/gh-project-cli/internal/cmd/auth/status.go:81.24,83.3 1 0
github.com/roboco-io/gh-project-cli/internal/cmd/auth/status.go:83.8,85.3 1 0
github.com/roboco-io/gh-project-cli/internal/cmd/auth/status.go:87.2,87.27 1 0
github.com/roboco-io/gh-project-cli/internal/cmd/auth/status.go:87.27,89.3 1 0
github.com/roboco-io/gh-project-cli/internal/cmd/auth/status.go:89.8,91.3 1 0
github.com/roboco-io/gh-project-cli/internal/cmd/auth/status.go:93.2,93.23 1 0
github.com/roboco-io/gh-project-cli/internal/cmd/auth/status.go:93.23,95.3 1 0
github.com/roboco-io/gh-project-cli/internal/cmd/auth/status.go:95.8,95.34 1 0
github.com/roboco-io/gh-project-cli/internal/cmd/auth/status.go:95.34,97.3 1 0
github.com/roboco-io/gh-project-cli/internal/cmd/auth/status.go:97.8,99.3 1 0
github.com/roboco-io/gh-project-cli/internal/cmd/auth/status.go:101.2,101.30 1 0
github.com/roboco-io/gh-project-cli/internal/cmd/auth/status.go:101.30,103.3 1 0
github.com/roboco-io/gh-project-cli/internal/cmd/auth/status.go:103.8,103.30 1 0
github.com/roboco-io/gh-project-cli/internal/cmd/auth/status.go:103.30,105.3 1 0
github.com/roboco-io/gh-project-cli/internal/cmd/auth/status.go:105.8,107.3 1 0
github.com/roboco-io/gh-project-cli/internal/cmd/auth/status.go:110.2,110.28 1 0
github.com/roboco-io/gh-project-cli/internal/cmd/auth/status.go:110.28,112.3 1 0
github.com/roboco-io/gh-project-cli/internal/cmd/auth/status.go:113.2,113.36 1 0
github.com/roboco-io/gh-project-cli/internal/cmd/auth/status.go:113.36,115.3 1 0
github.com/roboco-io/gh-project-cli/internal/cmd/auth/status.go:118.2,118.24 1 0
github.com/roboco-io/gh-project-cli/internal/cmd/auth/status.go:118.24,120.3 1 0
github.com/roboco-io/gh-project-cli/internal/cmd/auth/status.go:123.2,127.12 4 0
github.com/roboco-io/gh-project-cli/internal/cmd/auth/status.go:130.49,134.2 3 0
github.com/roboco-io/gh-project-cli/internal/cmd/project/create.go:25.36,38.55 2 0
github.com/roboco-io/gh-project-cli/internal/cmd/project/create.go:38.55,40.4 1 0
github.com/roboco-io/gh-project-cli/internal/cmd/project/create.go:43.2,49.12 6 0
github.com/roboco-io/gh-project-cli/internal/cmd/project/create.go:52.79,54.19 1 0
github.com/roboco-io/gh-project-cli/internal/cmd/project/create.go:54.19,56.3 1 0
github.com/roboco-io/gh-project-cli/internal/cmd/project/create.go:58.2,58.22 1 0
github.com/roboco-io/gh-project-cli/internal/cmd/project/create.go:58.22,60.3 1 0
github.com/roboco-io/gh-project-cli/internal/cmd/project/create.go:62.2,62.24 1 0
github.com/roboco-io/gh-project-cli/internal/cmd/project/create.go:62.24,64.3 1 0
github.com/roboco-io/gh-project-cli/internal/cmd/project/create.go:67.2,69.16 3 0
github.com/roboco-io/gh-project-cli/internal/cmd/project/create.go:69.16,71.3 1 0
github.com/roboco-io/gh-project-cli/internal/cmd/project/create.go:74.2,84.16 5 0
github.com/roboco-io/gh-project-cli/internal/cmd/project/create.go:84.16,86.3 1 0
github.com/roboco-io/gh-project-cli/internal/cmd/project/create.go:89.2,89.14 1 0
github.com/roboco-io/gh-project-cli/internal/cmd/project/create.go:89.14,92.3 1 0
github.com/roboco-io/gh-project-cli/internal/cmd/project/create.go:95.2,96.51 2 0
github.com/roboco-io/gh-project-cli/internal/cmd/project/create.go:99.76,100.16 1 0
github.com/roboco-io/gh-project-cli/internal/cmd/project/create.go:101.18,102.43 1 0
github.com/roboco-io/gh-project-cli/internal/cmd/project/create.go:103.21,107.33 3 0
github.com/roboco-io/gh-project-cli/internal/cmd/project/create.go:107.33,109.4 1 0
github.com/roboco-io/gh-project-cli/internal/cmd/project/create.go:111.3,115.13 4 0
github.com/roboco-io/gh-project-cli/internal/cmd/project/create.go:116.10,117.50 1 0
github.com/roboco-io/gh-project-cli/internal/cmd/project/delete.go:25.36,40.55 2 0
github.com/roboco-io/gh-project-cli/internal/cmd/project/delete.go:40.55,42.4 1 0
github.com/roboco-io/gh-project-cli/internal/cmd/project/delete.go:45.2,48.12 3 0
github.com/roboco-io/gh-project-cli/internal/cmd/project/delete.go:51.79,56.39 3 0
github.com/roboco-io/gh-project-cli/internal/cmd/project/delete.go:56.39,58.17 2 0
github.com/roboco-io/gh-project-cli/internal/cmd/project/delete.go:58.17,60.4 1 0
github.com/roboco-io/gh-project-cli/internal/cmd/project/delete.go:61.8,64.17 2 0
github.com/roboco-io/gh-project-cli/internal/cmd/project/delete.go:64.17,66.4 1 0
github.com/roboco-io/gh-project-cli/internal/cmd/project/delete.go:69.3,69.70 1 0
github.com/roboco-io/gh-project-cli/internal/cmd/project/delete.go:73.2,75.16 3 0
github.com/roboco-io/gh-project-cli/internal/cmd/project/delete.go:75.16,77.3 1 0
github.com/roboco-io/gh-project-cli/internal/cmd/project/delete.go:80.2,85.16 4 0
github.com/roboco-io/gh-project-cli/internal/cmd/project/delete.go:85.16,87.3 1 0
github.com/roboco-io/gh-project-cli/internal/cmd/project/delete.go:90.2,98.17 7 0
github.com/roboco-io/gh-project-cli/internal/cmd/project/delete.go:98.17,104.21 5 0
github.com/roboco-io/gh-project-cli/internal/cmd/project/delete.go:104.21,107.4 2 0
github.com/roboco-io/gh-project-cli/internal/cmd/project/delete.go:109.3,109.31 1 0
github.com/roboco-io/gh-project-cli/internal/cmd/project/delete.go:109.31,112.4 2 0
github.com/roboco-io/gh-project-cli/internal/cmd/project/delete.go:116.2,117.16 2 0
github.com/roboco-io/gh-project-cli/internal/cmd/project/delete.go:117.16,119.3 1 0
github.com/roboco-io/gh-project-cli/internal/cmd/project/delete.go:121.2,122.12 2 0
github.com/roboco-io/gh-project-cli/internal/cmd/project/edit.go:29.34,42.55 2 0
github.com/roboco-io/gh-project-cli/internal/cmd/project/edit.go:42.55,44.4 1 0
github.com/roboco-io/gh-project-cli/internal/cmd/project/edit.go:47.2,53.12 6 0
github.com/roboco-io/gh-project-cli/internal/cmd/project/edit.go:56.75,61.39 3 0
github.com/roboco-io/gh-project-cli/internal/cmd/project/edit.go:61.39,63.17 2 0
github.com/roboco-io/gh-project-cli/internal/cmd/project/edit.go:63.17,65.4 1 0
github.com/roboco-io/gh-project-cli/internal/cmd/project/edit.go:66.8,69.17 2 0
github.com/roboco-io/gh-project-cli/internal/cmd/project/edit.go:69.17,71.4 1 0
github.com/roboco-io/gh-project-cli/internal/cmd/project/edit.go:74.3,74.70 1 0
github.com/roboco-io/gh-project-cli/internal/cmd/project/edit.go:78.2,78.31 1 0
github.com/roboco-io/gh-project-cli/internal/cmd/project/edit.go:78.31,80.3 1 0
github.com/roboco-io/gh-project-cli/internal/cmd/project/edit.go:83.2,83.53 1 0
github.com/roboco-io/gh-project-cli/internal/cmd/project/edit.go:83.53,85.3 1 0
github.com/roboco-io/gh-project-cli/internal/cmd/project/edit.go:88.2,90.16 3 0
github.com/roboco-io/gh-project-cli/internal/cmd/project/edit.go:90.16,92.3 1 0
github.com/roboco-io/gh-project-cli/internal/cmd/project/edit.go:95.2,100.16 4 0
github.com/roboco-io/gh-project-cli/internal/cmd/project/edit.go:100.16,102.3 1 0
github.com/roboco-io/gh-project-cli/internal/cmd/project/edit.go:105.2,109.22 2 0
github.com/roboco-io/gh-project-cli/internal/cmd/project/edit.go:109.22,111.3 1 0
github.com/roboco-io/gh-project-cli/internal/cmd/project/edit.go:113.2,113.16 1 0
github.com/roboco-io/gh-project-cli/internal/cmd/project/edit.go:113.16,116.3 2 0
github.com/roboco-io/gh-project-cli/internal/cmd/project/edit.go:116.8,116.24 1 0
github.com/roboco-io/gh-project-cli/internal/cmd/project/edit.go:116.24,119.3 2 0
github.com/roboco-io/gh-project-cli/internal/cmd/project/edit.go:122.2,123.16 2 0
github.com/roboco-io/gh-project-cli/internal/cmd/project/edit.go:123.16,125.3 1 0
github.com/roboco-io/gh-project-cli/internal/cmd/project/edit.go:128.2,129.58 2 0
github.com/roboco-io/gh-project-cli/internal/cmd/project/edit.go:132.76,133.16 1 0
github.com/roboco-io/gh-project-cli/internal/cmd/project/edit.go:134.18,135.43 1 0
github.com/roboco-io/gh-project-cli/internal/cmd/project/edit.go:136.17,140.33 3 0
github.com/roboco-io/gh-project-cli/internal/cmd/project/edit.go:140.33,142.4 1 0
github.com/roboco-io/gh-project-cli/internal/cmd/project/edit.go:144.3,148.21 4 0
github.com/roboco-io/gh-project-cli/internal/cmd/project/edit.go:148.21,150.4 1 0
github.com/roboco-io/gh-project-cli/internal/cmd/project/edit.go:151.3,155.13 3 0
github.com/roboco-io/gh-project-cli/internal/cmd/project/edit.go:156.10,157.50 1 0
github.com/roboco-io/gh-project-cli/internal/cmd/project/list.go:26.34,39.55 2 0
github.com/roboco-io/gh-project-cli/internal/cmd/project/list.go:39.55,41.4 1 0
github.com/roboco-io/gh-project-cli/internal/cmd/project/list.go:44.2,50.12 6 0
github.com/roboco-io/gh-project-cli/internal/cmd/project/list.go:53.75,55.19 1 0
github.com/roboco-io/gh-project-cli/internal/cmd/project/list.go:55.19,57.3 1 0
github.com/roboco-io/gh-project-cli/internal/cmd/project/list.go:60.2,62.16 3 0
github.com/roboco-io/gh-project-cli/internal/cmd/project/list.go:62.16,64.3 1 0
github.com/roboco-io/gh-project-cli/internal/cmd/project/list.go:67.2,71.22 3 0
github.com/roboco-io/gh-project-cli/internal/cmd/project/list.go:71.22,75.3 1 0
github.com/roboco-io/gh-project-cli/internal/cmd/project/list.go:77.2,80.14 2 0
github.com/roboco-io/gh-project-cli/internal/cmd/project/list.go:80.14,86.3 2 0
github.com/roboco-io/gh-project-cli/internal/cmd/project/list.go:86.8,92.3 2 0
github.com/roboco-io/gh-project-cli/internal/cmd/project/list.go:94.2,94.16 1 0
github.com/roboco-io/gh-project-cli/internal/cmd/project/list.go:94.16,96.3 1 0
github.com/roboco-io/gh-project-cli/internal/cmd/project/list.go:99.2,99.25 1 0
github.com/roboco-io/gh-project-cli/internal/cmd/project/list.go:99.25,101.3 1 0
github.com/roboco-io/gh-project-cli/internal/cmd/project/list.go:104.2,104.46 1 0
github.com/roboco-io/gh-project-cli/internal/cmd/project/list.go:107.96,110.35 2 0
github.com/roboco-io/gh-project-cli/internal/cmd/project/list.go:110.35,111.16 1 0
github.com/roboco-io/gh-project-cli/internal/cmd/project/list.go:112.19,113.23 1 0
github.com/roboco-io/gh-project-cli/internal/cmd/project/list.go:113.23,115.5 1 0
github.com/roboco-io/gh-project-cli/internal/cmd/project/list.go:116.21,117.22 1 0
github.com/roboco-io/gh-project-cli/internal/cmd/project/list.go:117.22,119.5 1 0
github.com/roboco-io/gh-project-cli/internal/cmd/project/list.go:120.11,121.40 1 0
github.com/roboco-io/gh-project-cli/internal/cmd/project/list.go:125.2,125.17 1 0
github.com/roboco-io/gh-project-cli/internal/cmd/project/list.go:128.74,129.24 1 0
github.com/roboco-io/gh-project-cli/internal/cmd/project/list.go:129.24,132.3 2 0
github.com/roboco-io/gh-project-cli/internal/cmd/project/list.go:134.2,134.16 1 0
github.com/roboco-io/gh-project-cli/internal/cmd/project/list.go:135.14,136.38 1 0
github.com/roboco-io/gh-project-cli/internal/cmd/project/list.go:137.15,138.39 1 0
github.com/roboco-io/gh-project-cli/internal/cmd/project/list.go:139.10,140.50 1 0
github.com/roboco-io/gh-project-cli/internal/cmd/project/list.go:144.64,151.35 3 0
github.com/roboco-io/gh-project-cli/internal/cmd/project/list.go:151.35,153.21 2 0
github.com/roboco-io/gh-project-cli/internal/cmd/project/list.go:153.21,155.4 1 0
github.com/roboco-io/gh-project-cli/internal/cmd/project/list.go:157.3,158.34 2 0
github.com/roboco-io/gh-project-cli/internal/cmd/project/list.go:158.34,160.4 1 0
github.com/roboco-io/gh-project-cli/internal/cmd/project/list.go:162.3,163.34 2 0
github.com/roboco-io/gh-project-cli/internal/cmd/project/list.go:163.34,165.4 1 0
github.com/roboco-io/gh-project-cli/internal/cmd/project/list.go:167.3,169.42 1 0
github.com/roboco-io/gh-project-cli/internal/cmd/project/list.go:172.2,172.12 1 0
github.com/roboco-io/gh-project-cli/internal/cmd/project/list.go:175.63,179.35 2 0
github.com/roboco-io/gh-project-cli/internal/cmd/project/list.go:179.35,181.21 2 0
github.com/roboco-io/gh-project-cli/internal/cmd/project/list.go:181.21,183.4 1 0
github.com/roboco-io/gh-project-cli/internal/cmd/project/list.go:185.3,186.33 2 0
github.com/roboco-io/gh-project-cli/internal/cmd/project/list.go:186.33,188.4 1 0
github.com/roboco-io/gh-project-cli/internal/cmd/project/list.go:190.3,201.26 11 0
github.com/roboco-io/gh-project-cli/internal/cmd/project/list.go:201.26,203.4 1 0
github.com/roboco-io/gh-project-cli/internal/cmd/project/list.go:203.9,205.4 1 0
github.com/roboco-io/gh-project-cli/internal/cmd/project/list.go:207.2,209.12 2 0
github.com/roboco-io/gh-project-cli/internal/cmd/project/project.go:8.37,40.2 7 0
github.com/roboco-io/gh-project-cli/internal/cmd/project/view.go:29.34,42.55 2 0
github.com/roboco-io/gh-project-cli/internal/cmd/project/view.go:42.55,44.4 1 0
github.com/roboco-io/gh-project-cli/internal/cmd/project/view.go:47.2,53.12 6 0
github.com/roboco-io/gh-project-cli/internal/cmd/project/view.go:56.75,61.39 3 0
github.com/roboco-io/gh-project-cli/internal/cmd/project/view.go:61.39,63.17 2 0
github.com/roboco-io/gh-project-cli/internal/cmd/project/view.go:63.17,65.4 1 0
github.com/roboco-io/gh-project-cli/internal/cmd/project/view.go:66.8,69.17 2 0
github.com/roboco-io/gh-project-cli/internal/cmd/project/view.go:69.17,71.4 1 0
github.com/roboco-io/gh-project-cli/internal/cmd/project/view.go:75.3,75.70 1 0
github.com/roboco-io/gh-project-cli/internal/cmd/project/view.go:79.2,81.16 3 0
github.com/roboco-io/gh-project-cli/internal/cmd/project/view.go:81.16,83.3 1 0
github.com/roboco-io/gh-project-cli/internal/cmd/project/view.go:86.2,91.16 4 0
github.com/roboco-io/gh-project-cli/internal/cmd/project/view.go:91.16,93.3 1 0
github.com/roboco-io/gh-project-cli/internal/cmd/project/view.go:96.2,96.14 1 0
github.com/roboco-io/gh-project-cli/internal/cmd/project/view.go:96.14,100.3 2 0
github.com/roboco-io/gh-project-cli/internal/cmd/project/view.go:103.2,103.44 1 0
github.com/roboco-io/gh-project-cli/internal/cmd/project/view.go:106.80,107.21 1 0
github.com/roboco-io/gh-project-cli/internal/cmd/project/view.go:108.14,109.43 1 0
github.com/roboco-io/gh-project-cli/internal/cmd/project/view.go:110.17,111.50 1 0
github.com/roboco-io/gh-project-cli/internal/cmd/project/view.go:112.10,113.55 1 0
github.com/roboco-io/gh-project-cli/internal/cmd/project/view.go:117.85,122.32 3 0
github.com/roboco-io/gh-project-cli/internal/cmd/project/view.go:122.32,124.3 1 0
github.com/roboco-io/gh-project-cli/internal/cmd/project/view.go:126.2,130.20 4 0
github.com/roboco-io/gh-project-cli/internal/cmd/project/view.go:130.20,132.3 1 0
github.com/roboco-io/gh-project-cli/internal/cmd/project/view.go:133.2,142.50 6 0
github.com/roboco-io/gh-project-cli/internal/cmd/project/view.go:142.50,147.46 4 0
github.com/roboco-io/gh-project-cli/internal/cmd/project/view.go:147.46,150.23 3 0
github.com/roboco-io/gh-project-cli/internal/cmd/project/view.go:150.23,152.5 1 0
github.com/roboco-io/gh-project-cli/internal/cmd/project/view.go:154.4,154.77 1 0
github.com/roboco-io/gh-project-cli/internal/cmd/project/view.go:159.2,159.48 1 0
github.com/roboco-io/gh-project-cli/internal/cmd/project/view.go:159.48,164.38 4 0
github.com/roboco-io/gh-project-cli/internal/cmd/project/view.go:164.38,168.33 3 0
github.com/roboco-io/gh-project-cli/internal/cmd/project/view.go:169.17,172.32 3 0
github.com/roboco-io/gh-project-cli/internal/cmd/project/view.go:173.23,176.29 3 0
github.com/roboco-io/gh-project-cli/internal/cmd/project/view.go:177.22,180.14 3 0
github.com/roboco-io/gh-project-cli/internal/cmd/project/view.go:181.12,184.14 3 0
github.com/roboco-io/gh-project-cli/internal/cmd/project/view.go:187.4,187.35 1 0
github.com/roboco-io/gh-project-cli/internal/cmd/project/view.go:187.35,189.5 1 0
github.com/roboco-io/gh-project-cli/internal/cmd/project/view.go:191.4,192.46 1 0
github.com/roboco-io/gh-project-cli/internal/cmd/project/view.go:196.2,196.12 1 0
github.com/roboco-io/gh-project-cli/internal/cmd/project/view.go:199.65,202.20 2 0
github.com/roboco-io/gh-project-cli/internal/cmd/project/view.go:202.20,204.3 1 0
github.com/roboco-io/gh-project-cli/internal/cmd/project/view.go:206.2,207.32 2 0
github.com/roboco-io/gh-project-cli/internal/cmd/project/view.go:207.32,209.3 1 0
github.com/roboco-io/gh-project-cli/internal/cmd/project/view.go:211.2,229.12 18 0
github.com/roboco-io/gh-project-cli/internal/cmd/field/add_option.go:25.39,44.55 2 0
github.com/roboco-io/gh-project-cli/internal/cmd/field/add_option.go:44.55,49.4 4 0
github.com/roboco-io/gh-project-cli/internal/cmd/field/add_option.go:52.2,55.12 3 0
github.com/roboco-io/gh-project-cli/internal/cmd/field/add_option.go:58.70,60.58 1 0
github.com/roboco-io/gh-project-cli/internal/cmd/field/add_option.go:60.58,62.3 1 0
github.com/roboco-io/gh-project-cli/internal/cmd/field/add_option.go:65.2,70.16 4 0
github.com/roboco-io/gh-project-cli/internal/cmd/field/add_option.go:70.16,72.3 1 0
github.com/roboco-io/gh-project-cli/internal/cmd/field/add_option.go:75.2,80.28 4 0
github.com/roboco-io/gh-project-cli/internal/cmd/field/add_option.go:80.28,82.3 1 0
github.com/roboco-io/gh-project-cli/internal/cmd/field/add_option.go:84.2,92.16 3 0
github.com/roboco-io/gh-project-cli/internal/cmd/field/add_option.go:92.16,94.3 1 0
github.com/roboco-io/gh-project-cli/internal/cmd/field/add_option.go:97.2,97.49 1 0
github.com/roboco-io/gh-project-cli/internal/cmd/field/add_option.go:100.97,101.16 1 0
github.com/roboco-io/gh-project-cli/internal/cmd/field/add_option.go:102.18,103.41 1 0
github.com/roboco-io/gh-project-cli/internal/cmd/field/add_option.go:104.19,105.42 1 0
github.com/roboco-io/gh-project-cli/internal/cmd/field/add_option.go:106.10,107.50 1 0
github.com/roboco-io/gh-project-cli/internal/cmd/field/add_option.go:111.87,119.60 6 0
github.com/roboco-io/gh-project-cli/internal/cmd/field/add_option.go:119.60,121.3 1 0
github.com/roboco-io/gh-project-cli/internal/cmd/field/add_option.go:123.2,123.12 1 0
github.com/roboco-io/gh-project-cli/internal/cmd/field/add_option.go:126.86,132.31 5 0
github.com/roboco-io/gh-project-cli/internal/cmd/field/add_option.go:132.31,134.3 1 0
github.com/roboco-io/gh-project-cli/internal/cmd/field/add_option.go:136.2,138.12 2 0
github.com/roboco-io/gh-project-cli/internal/cmd/field/create.go:29.36,57.55 2 0
github.com/roboco-io/gh-project-cli/internal/cmd/field/create.go:57.55,63.4 5 0
github.com/roboco-io/gh-project-cli/internal/cmd/field/create.go:66.2,69.12 3 0
github.com/roboco-io/gh-project-cli/internal/cmd/field/create.go:72.64,75.44 2 0
github.com/roboco-io/gh-project-cli/internal/cmd/field/create.go:75.44,77.17 2 0
github.com/roboco-io/gh-project-cli/internal/cmd/field/create.go:77.17,79.4 1 0
github.com/roboco-io/gh-project-cli/internal/cmd/field/create.go:80.8,82.3 1 0
github.com/roboco-io/gh-project-cli/internal/cmd/field/create.go:85.2,85.77 1 0
github.com/roboco-io/gh-project-cli/internal/cmd/field/create.go:85.77,87.3 1 0
github.com/roboco-io/gh-project-cli/internal/cmd/field/create.go:90.2,91.16 2 0
github.com/roboco-io/gh-project-cli/internal/cmd/field/create.go:91.16,93.3 1 0
github.com/roboco-io/gh-project-cli/internal/cmd/field/create.go:96.2,98.16 3 0
github.com/roboco-io/gh-project-cli/internal/cmd/field/create.go:98.16,100.3 1 0
github.com/roboco-io/gh-project-cli/internal/cmd/field/create.go:103.2,109.16 5 0
github.com/roboco-io/gh-project-cli/internal/cmd/field/create.go:109.16,111.3 1 0
github.com/roboco-io/gh-project-cli/internal/cmd/field/create.go:114.2,122.16 3 0
github.com/roboco-io/gh-project-cli/internal/cmd/field/create.go:122.16,124.3 1 0
github.com/roboco-io/gh-project-cli/internal/cmd/field/create.go:127.2,127.62 1 0
github.com/roboco-io/gh-project-cli/internal/cmd/field/create.go:130.90,131.16 1 0
github.com/roboco-io/gh-project-cli/internal/cmd/field/create.go:132.18,133.39 1 0
github.com/roboco-io/gh-project-cli/internal/cmd/field/create.go:134.19,135.53 1 0
github.com/roboco-io/gh-project-cli/internal/cmd/field/create.go:136.10,137.50 1 0
github.com/roboco-io/gh-project-cli/internal/cmd/field/create.go:141.87,150.34 6 0
github.com/roboco-io/gh-project-cli/internal/cmd/field/create.go:150.34,152.46 2 0
github.com/roboco-io/gh-project-cli/internal/cmd/field/create.go:152.46,154.62 2 0
github.com/roboco-io/gh-project-cli/internal/cmd/field/create.go:154.62,156.5 1 0
github.com/roboco-io/gh-project-cli/internal/cmd/field/create.go:157.4,157.20 1 0
github.com/roboco-io/gh-project-cli/internal/cmd/field/create.go:161.2,161.12 1 0
github.com/roboco-io/gh-project-cli/internal/cmd/field/create.go:164.66,170.34 5 0
github.com/roboco-io/gh-project-cli/internal/cmd/field/create.go:170.34,172.46 2 0
github.com/roboco-io/gh-project-cli/internal/cmd/field/create.go:172.46,177.33 5 0
github.com/roboco-io/gh-project-cli/internal/cmd/field/create.go:177.33,179.5 1 0
github.com/roboco-io/gh-project-cli/internal/cmd/field/create.go:180.4,181.38 2 0
github.com/roboco-io/gh-project-cli/internal/cmd/field/create.go:181.38,183.5 1 0
github.com/roboco-io/gh-project-cli/internal/cmd/field/create.go:184.4,184.20 1 0
github.com/roboco-io/gh-project-cli/internal/cmd/field/create.go:186.3,186.22 1 0
github.com/roboco-io/gh-project-cli/internal/cmd/field/create.go:187.8,189.3 1 0
github.com/roboco-io/gh-project-cli/internal/cmd/field/create.go:190.2,192.12 2 0
github.com/roboco-io/gh-project-cli/internal/cmd/field/delete.go:13.36,29.86 1 0
github.com/roboco-io/gh-project-cli/internal/cmd/field/delete.go:29.86,35.4 3 0
github.com/roboco-io/gh-project-cli/internal/cmd/field/delete.go:38.2,38.32 1 0
github.com/roboco-io/gh-project-cli/internal/cmd/field/delete_helpers.go:29.65,37.55 2 0
github.com/roboco-io/gh-project-cli/internal/cmd/field/delete_helpers.go:37.55,40.4 2 0
github.com/roboco-io/gh-project-cli/internal/cmd/field/delete_helpers.go:43.2,44.12 2 0
github.com/roboco-io/gh-project-cli/internal/cmd/field/delete_helpers.go:53.9,57.16 3 0
github.com/roboco-io/gh-project-cli/internal/cmd/field/delete_helpers.go:57.16,59.3 1 0
github.com/roboco-io/gh-project-cli/internal/cmd/field/delete_helpers.go:62.2,65.17 2 0
github.com/roboco-io/gh-project-cli/internal/cmd/field/delete_helpers.go:65.17,72.21 6 0
github.com/roboco-io/gh-project-cli/internal/cmd/field/delete_helpers.go:72.21,75.4 2 0
github.com/roboco-io/gh-project-cli/internal/cmd/field/delete_helpers.go:77.3,77.31 1 0
github.com/roboco-io/gh-project-cli/internal/cmd/field/delete_helpers.go:77.31,80.4 2 0
github.com/roboco-io/gh-project-cli/internal/cmd/field/delete_helpers.go:84.2,85.16 2 0
github.com/roboco-io/gh-project-cli/internal/cmd/field/delete_helpers.go:85.16,87.3 1 0
github.com/roboco-io/gh-project-cli/internal/cmd/field/delete_helpers.go:89.2,90.12 2 0
github.com/roboco-io/gh-project-cli/internal/cmd/field/delete_option.go:13.42,29.87 1 0
github.com/roboco-io/gh-project-cli/internal/cmd/field/delete_option.go:29.87,35.4 3 0
github.com/roboco-io/gh-project-cli/internal/cmd/field/delete_option.go:38.2,38.32 1 0
github.com/roboco-io/gh-project-cli/internal/cmd/field/field.go:8.35,54.2 9 0
github.com/roboco-io/gh-project-cli/internal/cmd/field/list.go:30.34,48.55 2 0
github.com/roboco-io/gh-project-cli/internal/cmd/field/list.go:48.55,52.4 3 0
github.com/roboco-io/gh-project-cli/internal/cmd/field/list.go:55.2,57.12 2 0
github.com/roboco-io/gh-project-cli/internal/cmd/field/list.go:60.60,63.44 2 0
github.com/roboco-io/gh-project-cli/internal/cmd/field/list.go:63.44,65.17 2 0
github.com/roboco-io/gh-project-cli/internal/cmd/field/list.go:65.17,67.4 1 0
github.com/roboco-io/gh-project-cli/internal/cmd/field/list.go:68.8,70.3 1 0
github.com/roboco-io/gh-project-cli/internal/cmd/field/list.go:73.2,75.16 3 0
github.com/roboco-io/gh-project-cli/internal/cmd/field/list.go:75.16,77.3 1 0
github.com/roboco-io/gh-project-cli/internal/cmd/field/list.go:80.2,85.16 4 0
github.com/roboco-io/gh-project-cli/internal/cmd/field/list.go:85.16,87.3 1 0
github.com/roboco-io/gh-project-cli/internal/cmd/field/list.go:90.2,90.42 1 0
github.com/roboco-io/gh-project-cli/internal/cmd/field/list.go:93.68,94.16 1 0
github.com/roboco-io/gh-project-cli/internal/cmd/field/list.go:95.18,96.34 1 0
github.com/roboco-io/gh-project-cli/internal/cmd/field/list.go:97.19,98.35 1 0
github.com/roboco-io/gh-project-cli/internal/cmd/field/list.go:99.10,100.50 1 0
github.com/roboco-io/gh-project-cli/internal/cmd/field/list.go:104.58,105.22 1 0
github.com/roboco-io/gh-project-cli/internal/cmd/field/list.go:105.22,108.3 2 0
github.com/roboco-io/gh-project-cli/internal/cmd/field/list.go:110.2,114.31 4 0
github.com/roboco-io/gh-project-cli/internal/cmd/field/list.go:114.31,117.22 3 0
github.com/roboco-io/gh-project-cli/internal/cmd/field/list.go:117.22,119.4 1 0
github.com/roboco-io/gh-project-cli/internal/cmd/field/list.go:121.3,128.56 2 0
github.com/roboco-io/gh-project-cli/internal/cmd/field/list.go:128.56,131.41 3 0
github.com/roboco-io/gh-project-cli/internal/cmd/field/list.go:131.41,133.5 1 0
github.com/roboco-io/gh-project-cli/internal/cmd/field/list.go:134.4,134.55 1 0
github.com/roboco-io/gh-project-cli/internal/cmd/field/list.go:138.2,138.12 1 0
github.com/roboco-io/gh-project-cli/internal/cmd/field/list.go:141.73,147.31 5 0
github.com/roboco-io/gh-project-cli/internal/cmd/field/list.go:147.31,149.3 1 0
github.com/roboco-io/gh-project-cli/internal/cmd/field/list.go:149.8,151.3 1 0
github.com/roboco-io/gh-project-cli/internal/cmd/field/list.go:153.2,153.12 1 0
github.com/roboco-io/gh-project-cli/internal/cmd/field/list.go:153.12,155.3 1 0
github.com/roboco-io/gh-project-cli/internal/cmd/field/list.go:155.8,157.3 1 0
github.com/roboco-io/gh-project-cli/internal/cmd/field/list.go:160.64,161.22 1 0
github.com/roboco-io/gh-project-cli/internal/cmd/field/list.go:161.22,163.34 2 0
github.com/roboco-io/gh-project-cli/internal/cmd/field/list.go:163.34,165.4 1 0
github.com/roboco-io/gh-project-cli/internal/cmd/field/list.go:166.3,166.24 1 0
github.com/roboco-io/gh-project-cli/internal/cmd/field/list.go:167.8,169.3 1 0
github.com/roboco-io/gh-project-cli/internal/cmd/field/list.go:172.67,182.12 8 0
github.com/roboco-io/gh-project-cli/internal/cmd/field/list.go:182.12,184.3 1 0
github.com/roboco-io/gh-project-cli/internal/cmd/field/list.go:184.8,186.3 1 0
github.com/roboco-io/gh-project-cli/internal/cmd/field/list.go:189.57,190.22 1 0
github.com/roboco-io/gh-project-cli/internal/cmd/field/list.go:190.22,193.3 2 0
github.com/roboco-io/gh-project-cli/internal/cmd/field/list.go:195.2,196.31 2 0
github.com/roboco-io/gh-project-cli/internal/cmd/field/list.go:196.31,198.3 1 0
github.com/roboco-io/gh-project-cli/internal/cmd/field/list.go:199.2,201.12 2 0
github.com/roboco-io/gh-project-cli/internal/cmd/field/list.go:204.44,205.22 1 0
github.com/roboco-io/gh-project-cli/internal/cmd/field/list.go:205.22,207.3 1 0
github.com/roboco-io/gh-project-cli/internal/cmd/field/list.go:208.2,208.29 1 0
github.com/roboco-io/gh-project-cli/internal/cmd/field/update.go:23.36,39.55 2 0
github.com/roboco-io/gh-project-cli/internal/cmd/field/update.go:39.55,43.4 3 0
github.com/roboco-io/gh-project-cli/internal/cmd/field/update.go:46.2,49.12 3 0
github.com/roboco-io/gh-project-cli/internal/cmd/field/update.go:52.64,54.61 1 0
github.com/roboco-io/gh-project-cli/internal/cmd/field/update.go:54.61,56.3 1 0
github.com/roboco-io/gh-project-cli/internal/cmd/field/update.go:59.2,61.16 3 0
github.com/roboco-io/gh-project-cli/internal/cmd/field/update.go:61.16,63.3 1 0
github.com/roboco-io/gh-project-cli/internal/cmd/field/update.go:66.2,76.16 5 0
github.com/roboco-io/gh-project-cli/internal/cmd/field/update.go:76.16,78.3 1 0
github.com/roboco-io/gh-project-cli/internal/cmd/field/update.go:81.2,81.47 1 0
github.com/roboco-io/gh-project-cli/internal/cmd/field/update.go:84.77,85.16 1 0
github.com/roboco-io/gh-project-cli/internal/cmd/field/update.go:86.14,87.39 1 0
github.com/roboco-io/gh-project-cli/internal/cmd/field/update.go:88.15,89.40 1 0
github.com/roboco-io/gh-project-cli/internal/cmd/field/update.go:90.10,91.50 1 0
github.com/roboco-io/gh-project-cli/internal/cmd/field/update.go:95.67,104.2 6 0
github.com/roboco-io/gh-project-cli/internal/cmd/field/update.go:106.66,114.2 6 0
github.com/roboco-io/gh-project-cli/internal/cmd/field/update_option.go:25.42,44.55 2 0
github.com/roboco-io/gh-project-cli/internal/cmd/field/update_option.go:44.55,48.4 3 0
github.com/roboco-io/gh-project-cli/internal/cmd/field/update_option.go:51.2,55.12 4 0
github.com/roboco-io/gh-project-cli/internal/cmd/field/update_option.go:58.76,60.67 1 0
github.com/roboco-io/gh-project-cli/internal/cmd/field/update_option.go:60.67,62.3 1 0
github.com/roboco-io/gh-project-cli/internal/cmd/field/update_option.go:65.2,66.22 2 0
github.com/roboco-io/gh-project-cli/internal/cmd/field/update_option.go:66.22,67.59 1 0
github.com/roboco-io/gh-project-cli/internal/cmd/field/update_option.go:67.59,69.4 1 0
github.com/roboco-io/gh-project-cli/internal/cmd/field/update_option.go:70.3,71.27 2 0
github.com/roboco-io/gh-project-cli/internal/cmd/field/update_option.go:75.2,77.16 3 0
github.com/roboco-io/gh-project-cli/internal/cmd/field/update_option.go:77.16,79.3 1 0
github.com/roboco-io/gh-project-cli/internal/cmd/field/update_option.go:82.2,90.21 4 0
github.com/roboco-io/gh-project-cli/internal/cmd/field/update_option.go:90.21,92.3 1 0
github.com/roboco-io/gh-project-cli/internal/cmd/field/update_option.go:93.2,93.28 1 0
github.com/roboco-io/gh-project-cli/internal/cmd/field/update_option.go:93.28,95.3 1 0
github.com/roboco-io/gh-project-cli/internal/cmd/field/update_option.go:96.2,96.28 1 0
github.com/roboco-io/gh-project-cli/internal/cmd/field/update_option.go:96.28,98.3 1 0
github.com/roboco-io/gh-project-cli/internal/cmd/field/update_option.go:101.2,102.16 2 0
github.com/roboco-io/gh-project-cli/internal/cmd/field/update_option.go:102.16,104.3 1 0
github.com/roboco-io/gh-project-cli/internal/cmd/field/update_option.go:107.2,107.49 1 0
github.com/roboco-io/gh-project-cli/internal/cmd/field/update_option.go:110.97,111.16 1 0
github.com/roboco-io/gh-project-cli/internal/cmd/field/update_option.go:112.14,113.41 1 0
github.com/roboco-io/gh-project-cli/internal/cmd/field/update_option.go:114.15,115.42 1 0
github.com/roboco-io/gh-project-cli/internal/cmd/field/update_option.go:116.10,117.50 1 0
github.com/roboco-io/gh-project-cli/internal/cmd/field/update_option.go:121.87,129.60 6 0
github.com/roboco-io/gh-project-cli/internal/cmd/field/update_option.go:129.60,131.3 1 0
github.com/roboco-io/gh-project-cli/internal/cmd/field/update_option.go:133.2,133.12 1 0
github.com/roboco-io/gh-project-cli/internal/cmd/field/update_option.go:136.86,142.31 5 0
github.com/roboco-io/gh-project-cli/internal/cmd/field/update_option.go:142.31,144.3 1 0
github.com/roboco-io/gh-project-cli/internal/cmd/field/update_option.go:146.2,148.12 2 0
github.com/roboco-io/gh-project-cli/internal/cmd/analytics/analytics.go:8.39,70.2 12 0
github.com/roboco-io/gh-project-cli/internal/cmd/analytics/bulk_update.go:29.40,61.55 2 0
github.com/roboco-io/gh-project-cli/internal/cmd/analytics/bulk_update.go:61.55,66.69 3 0
github.com/roboco-io/gh-project-cli/internal/cmd/analytics/bulk_update.go:66.69,68.37 2 0
github.com/roboco-io/gh-project-cli/internal/cmd/analytics/bulk_update.go:68.37,70.6 1 0
github.com/roboco-io/gh-project-cli/internal/cmd/analytics/bulk_update.go:74.4,74.66 1 0
github.com/roboco-io/gh-project-cli/internal/cmd/analytics/bulk_update.go:74.66,76.5 1 0
github.com/roboco-io/gh-project-cli/internal/cmd/analytics/bulk_update.go:77.4,77.72 1 0
github.com/roboco-io/gh-project-cli/internal/cmd/analytics/bulk_update.go:77.72,79.5 1 0
github.com/roboco-io/gh-project-cli/internal/cmd/analytics/bulk_update.go:80.4,80.66 1 0
github.com/roboco-io/gh-project-cli/internal/cmd/analytics/bulk_update.go:80.66,82.37 2 0
github.com/roboco-io/gh-project-cli/internal/cmd/analytics/bulk_update.go:82.37,84.6 1 0
github.com/roboco-io/gh-project-cli/internal/cmd/analytics/bulk_update.go:85.5,85.39 1 0
github.com/roboco-io/gh-project-cli/internal/cmd/analytics/bulk_update.go:87.4,87.75 1 0
github.com/roboco-io/gh-project-cli/internal/cmd/analytics/bulk_update.go:87.75,89.5 1 0
github.com/roboco-io/gh-project-cli/internal/cmd/analytics/bulk_update.go:90.4,90.72 1 0
github.com/roboco-io/gh-project-cli/internal/cmd/analytics/bulk_update.go:90.72,92.5 1 0
github.com/roboco-io/gh-project-cli/internal/cmd/analytics/bulk_update.go:94.4,94.45 1 0
github.com/roboco-io/gh-project-cli/internal/cmd/analytics/bulk_update.go:98.2,109.12 9 0
github.com/roboco-io/gh-project-cli/internal/cmd/analytics/bulk_update.go:112.72,114.28 1 0
github.com/roboco-io/gh-project-cli/internal/cmd/analytics/bulk_update.go:114.28,116.3 1 0
github.com/roboco-io/gh-project-cli/internal/cmd/analytics/bulk_update.go:118.2,118.28 1 0
github.com/roboco-io/gh-project-cli/internal/cmd/analytics/bulk_update.go:118.28,120.3 1 0
github.com/roboco-io/gh-project-cli/internal/cmd/analytics/bulk_update.go:123.2,124.21 2 0
github.com/roboco-io/gh-project-cli/internal/cmd/analytics/bulk_update.go:124.21,126.3 1 0
github.com/roboco-io/gh-project-cli/internal/cmd/analytics/bulk_update.go:128.2,130.16 3 0
github.com/roboco-io/gh-project-cli/internal/cmd/analytics/bulk_update.go:130.16,132.3 1 0
github.com/roboco-io/gh-project-cli/internal/cmd/analytics/bulk_update.go:135.2,137.16 3 0
github.com/roboco-io/gh-project-cli/internal/cmd/analytics/bulk_update.go:137.16,139.3 1 0
github.com/roboco-io/gh-project-cli/internal/cmd/analytics/bulk_update.go:142.2,149.16 6 0
github.com/roboco-io/gh-project-cli/internal/cmd/analytics/bulk_update.go:149.16,151.3 1 0
github.com/roboco-io/gh-project-cli/internal/cmd/analytics/bulk_update.go:154.2,162.16 3 0
github.com/roboco-io/gh-project-cli/internal/cmd/analytics/bulk_update.go:162.16,164.3 1 0
github.com/roboco-io/gh-project-cli/internal/cmd/analytics/bulk_update.go:167.2,167.62 1 0
github.com/roboco-io/gh-project-cli/internal/cmd/analytics/bulk_update.go:170.96,171.16 1 0
github.com/roboco-io/gh-project-cli/internal/cmd/analytics/bulk_update.go:172.18,173.44 1 0
github.com/roboco-io/gh-project-cli/internal/cmd/analytics/bulk_update.go:174.19,175.60 1 0
github.com/roboco-io/gh-project-cli/internal/cmd/analytics/bulk_update.go:176.10,177.50 1 0
github.com/roboco-io/gh-project-cli/internal/cmd/analytics/bulk_update.go:181.93,191.31 9 0
github.com/roboco-io/gh-project-cli/internal/cmd/analytics/bulk_update.go:191.31,193.3 1 0
github.com/roboco-io/gh-project-cli/internal/cmd/analytics/bulk_update.go:194.2,196.34 2 0
github.com/roboco-io/gh-project-cli/internal/cmd/analytics/bulk_update.go:196.34,198.3 1 0
github.com/roboco-io/gh-project-cli/internal/cmd/analytics/bulk_update.go:200.2,200.35 1 0
github.com/roboco-io/gh-project-cli/internal/cmd/analytics/bulk_update.go:200.35,202.3 1 0
github.com/roboco-io/gh-project-cli/internal/cmd/analytics/bulk_update.go:204.2,206.12 2 0
github.com/roboco-io/gh-project-cli/internal/cmd/analytics/bulk_update.go:209.70,221.34 11 0
github.com/roboco-io/gh-project-cli/internal/cmd/analytics/bulk_update.go:221.34,223.3 1 0
github.com/roboco-io/gh-project-cli/internal/cmd/analytics/bulk_update.go:225.2,225.35 1 0
github.com/roboco-io/gh-project-cli/internal/cmd/analytics/bulk_update.go:225.35,227.3 1 0
github.com/roboco-io/gh-project-cli/internal/cmd/analytics/bulk_update.go:229.2,230.12 2 0
github.com/roboco-io/gh-project-cli/internal/cmd/analytics/export.go:29.36,62.55 2 0
github.com/roboco-io/gh-project-cli/internal/cmd/analytics/export.go:62.55,67.71 3 0
github.com/roboco-io/gh-project-cli/internal/cmd/analytics/export.go:67.71,72.5 4 0
github.com/roboco-io/gh-project-cli/internal/cmd/analytics/export.go:74.4,74.41 1 0
github.com/roboco-io/gh-project-cli/internal/cmd/analytics/export.go:78.2,87.12 9 0
github.com/roboco-io/gh-project-cli/internal/cmd/analytics/export.go:90.64,93.21 2 0
github.com/roboco-io/gh-project-cli/internal/cmd/analytics/export.go:93.21,95.3 1 0
github.com/roboco-io/gh-project-cli/internal/cmd/analytics/export.go:97.2,99.16 3 0
github.com/roboco-io/gh-project-cli/internal/cmd/analytics/export.go:99.16,101.3 1 0
github.com/roboco-io/gh-project-cli/internal/cmd/analytics/export.go:104.2,105.16 2 0
github.com/roboco-io/gh-project-cli/internal/cmd/analytics/export.go:105.16,107.3 1 0
github.com/roboco-io/gh-project-cli/internal/cmd/analytics/export.go:110.2,112.16 3 0
github.com/roboco-io/gh-project-cli/internal/cmd/analytics/export.go:112.16,114.3 1 0
github.com/roboco-io/gh-project-cli/internal/cmd/analytics/export.go:117.2,124.16 6 0
github.com/roboco-io/gh-project-cli/internal/cmd/analytics/export.go:124.16,126.3 1 0
github.com/roboco-io/gh-project-cli/internal/cmd/analytics/export.go:129.2,138.23 2 0
github.com/roboco-io/gh-project-cli/internal/cmd/analytics/export.go:138.23,140.3 1 0
github.com/roboco-io/gh-project-cli/internal/cmd/analytics/export.go:143.2,144.16 2 0
github.com/roboco-io/gh-project-cli/internal/cmd/analytics/export.go:144.16,146.3 1 0
github.com/roboco-io/gh-project-cli/internal/cmd/analytics/export.go:149.2,149.48 1 0
github.com/roboco-io/gh-project-cli/internal/cmd/analytics/export.go:152.73,153.16 1 0
github.com/roboco-io/gh-project-cli/internal/cmd/analytics/export.go:154.18,155.34 1 0
github.com/roboco-io/gh-project-cli/internal/cmd/analytics/export.go:156.19,157.35 1 0
github.com/roboco-io/gh-project-cli/internal/cmd/analytics/export.go:158.10,159.57 1 0
github.com/roboco-io/gh-project-cli/internal/cmd/analytics/export.go:163.63,169.31 5 0
github.com/roboco-io/gh-project-cli/internal/cmd/analytics/export.go:169.31,171.3 1 0
github.com/roboco-io/gh-project-cli/internal/cmd/analytics/export.go:172.2,182.27 8 0
github.com/roboco-io/gh-project-cli/internal/cmd/analytics/export.go:182.27,185.35 3 0
github.com/roboco-io/gh-project-cli/internal/cmd/analytics/export.go:185.35,187.4 1 0
github.com/roboco-io/gh-project-cli/internal/cmd/analytics/export.go:188.3,188.33 1 0
github.com/roboco-io/gh-project-cli/internal/cmd/analytics/export.go:188.33,191.4 2 0
github.com/roboco-io/gh-project-cli/internal/cmd/analytics/export.go:192.3,192.35 1 0
github.com/roboco-io/gh-project-cli/internal/cmd/analytics/export.go:192.35,194.4 1 0
github.com/roboco-io/gh-project-cli/internal/cmd/analytics/export.go:197.2,197.12 1 0
github.com/roboco-io/gh-project-cli/internal/cmd/analytics/export.go:200.62,206.31 5 0
github.com/roboco-io/gh-project-cli/internal/cmd/analytics/export.go:206.31,208.3 1 0
github.com/roboco-io/gh-project-cli/internal/cmd/analytics/export.go:210.2,218.12 8 0
github.com/roboco-io/gh-project-cli/internal/cmd/analytics/overview.go:28.38,53.55 2 0
github.com/roboco-io/gh-project-cli/internal/cmd/analytics/overview.go:53.55,57.4 3 0
github.com/roboco-io/gh-project-cli/internal/cmd/analytics/overview.go:60.2,62.12 2 0
github.com/roboco-io/gh-project-cli/internal/cmd/analytics/overview.go:65.68,68.21 2 0
github.com/roboco-io/gh-project-cli/internal/cmd/analytics/overview.go:68.21,70.3 1 0
github.com/roboco-io/gh-project-cli/internal/cmd/analytics/overview.go:72.2,74.16 3 0
github.com/roboco-io/gh-project-cli/internal/cmd/analytics/overview.go:74.16,76.3 1 0
github.com/roboco-io/gh-project-cli/internal/cmd/analytics/overview.go:79.2,81.16 3 0
github.com/roboco-io/gh-project-cli/internal/cmd/analytics/overview.go:81.16,83.3 1 0
github.com/roboco-io/gh-project-cli/internal/cmd/analytics/overview.go:86.2,93.16 6 0
github.com/roboco-io/gh-project-cli/internal/cmd/analytics/overview.go:93.16,95.3 1 0
github.com/roboco-io/gh-project-cli/internal/cmd/analytics/overview.go:98.2,99.16 2 0
github.com/roboco-io/gh-project-cli/internal/cmd/analytics/overview.go:99.16,101.3 1 0
github.com/roboco-io/gh-project-cli/internal/cmd/analytics/overview.go:104.2,105.51 2 0
github.com/roboco-io/gh-project-cli/internal/cmd/analytics/overview.go:108.76,109.16 1 0
github.com/roboco-io/gh-project-cli/internal/cmd/analytics/overview.go:110.18,111.39 1 0
github.com/roboco-io/gh-project-cli/internal/cmd/analytics/overview.go:112.19,113.40 1 0
github.com/roboco-io/gh-project-cli/internal/cmd/analytics/overview.go:114.10,115.50 1 0
github.com/roboco-io/gh-project-cli/internal/cmd/analytics/overview.go:119.66,130.36 7 0
github.com/roboco-io/gh-project-cli/internal/cmd/analytics/overview.go:130.36,132.46 2 0
github.com/roboco-io/gh-project-cli/internal/cmd/analytics/overview.go:132.46,135.4 2 0
github.com/roboco-io/gh-project-cli/internal/cmd/analytics/overview.go:139.2,139.38 1 0
github.com/roboco-io/gh-project-cli/internal/cmd/analytics/overview.go:139.38,141.48 2 0
github.com/roboco-io/gh-project-cli/internal/cmd/analytics/overview.go:141.48,143.22 2 0
github.com/roboco-io/gh-project-cli/internal/cmd/analytics/overview.go:143.22,145.5 1 0
github.com/roboco-io/gh-project-cli/internal/cmd/analytics/overview.go:146.4,147.80 2 0
github.com/roboco-io/gh-project-cli/internal/cmd/analytics/overview.go:152.2,152.35 1 0
github.com/roboco-io/gh-project-cli/internal/cmd/analytics/overview.go:152.35,159.3 6 0
github.com/roboco-io/gh-project-cli/internal/cmd/analytics/overview.go:162.2,162.35 1 0
github.com/roboco-io/gh-project-cli/internal/cmd/analytics/overview.go:162.35,164.46 2 0
github.com/roboco-io/gh-project-cli/internal/cmd/analytics/overview.go:164.46,166.4 1 0
github.com/roboco-io/gh-project-cli/internal/cmd/analytics/overview.go:167.3,167.44 1 0
github.com/roboco-io/gh-project-cli/internal/cmd/analytics/overview.go:167.44,169.4 1 0
github.com/roboco-io/gh-project-cli/internal/cmd/analytics/overview.go:170.3,170.42 1 0
github.com/roboco-io/gh-project-cli/internal/cmd/analytics/overview.go:170.42,172.4 1 0
github.com/roboco-io/gh-project-cli/internal/cmd/analytics/overview.go:173.3,174.73 2 0
github.com/roboco-io/gh-project-cli/internal/cmd/analytics/overview.go:177.2,177.12 1 0
github.com/roboco-io/gh-project-cli/internal/cmd/analytics/overview.go:180.65,192.2 1 0
github.com/roboco-io/gh-project-cli/internal/cmd/analytics/overview.go:194.88,196.29 2 0
github.com/roboco-io/gh-project-cli/internal/cmd/analytics/overview.go:196.29,203.3 2 0
github.com/roboco-io/gh-project-cli/internal/cmd/analytics/overview.go:204.2,204.15 1 0
github.com/roboco-io/gh-project-cli/internal/cmd/analytics/overview.go:207.92,209.29 2 0
github.com/roboco-io/gh-project-cli/internal/cmd/analytics/overview.go:209.29,211.21 2 0
github.com/roboco-io/gh-project-cli/internal/cmd/analytics/overview.go:211.21,213.4 1 0
github.com/roboco-io/gh-project-cli/internal/cmd/analytics/overview.go:214.3,219.4 2 0
github.com/roboco-io/gh-project-cli/internal/cmd/analytics/overview.go:221.2,221.15 1 0
github.com/roboco-io/gh-project-cli/internal/cmd/analytics/overview.go:224.69,225.21 1 0
github.com/roboco-io/gh-project-cli/internal/cmd/analytics/overview.go:225.21,227.3 1 0
github.com/roboco-io/gh-project-cli/internal/cmd/analytics/overview.go:228.2,235.3 1 0
github.com/roboco-io/gh-project-cli/internal/cmd/analytics/overview.go:238.69,239.21 1 0
github.com/roboco-io/gh-project-cli/internal/cmd/analytics/overview.go:239.21,241.3 1 0
github.com/roboco-io/gh-project-cli/internal/cmd/analytics/overview.go:242.2,246.31 2 0
github.com/roboco-io/gh-project-cli/internal/cmd/analytics/overview.go:246.31,248.3 1 0
github.com/roboco-io/gh-project-cli/internal/cmd/analytics/overview.go:249.2,249.29 1 0
github.com/roboco-io/gh-project-cli/internal/cmd/analytics/overview.go:249.29,251.3 1 0
github.com/roboco-io/gh-project-cli/internal/cmd/analytics/overview.go:252.2,252.27 1 0
github.com/roboco-io/gh-project-cli/internal/cmd/analytics/overview.go:252.27,254.3 1 0
github.com/roboco-io/gh-project-cli/internal/cmd/analytics/overview.go:255.2,255.15 1 0
github.com/roboco-io/gh-project-cli/internal/cmd/analytics/overview.go:258.47,260.16 2 0
github.com/roboco-io/gh-project-cli/internal/cmd/analytics/overview.go:260.16,262.3 1 0
github.com/roboco-io/gh-project-cli/internal/cmd/analytics/overview.go:263.2,264.12 2 0
github.com/roboco-io/gh-project-cli/internal/cmd/analytics/stub_commands.go:10.38,28.50 1 0
github.com/roboco-io/gh-project-cli/internal/cmd/analytics/stub_commands.go:28.50,30.4 1 0
github.com/roboco-io/gh-project-cli/internal/cmd/analytics/stub_commands.go:33.2,36.12 3 0
github.com/roboco-io/gh-project-cli/internal/cmd/analytics/stub_commands.go:40.38,58.50 1 0
github.com/roboco-io/gh-project-cli/internal/cmd/analytics/stub_commands.go:58.50,60.4 1 0
github.com/roboco-io/gh-project-cli/internal/cmd/analytics/stub_commands.go:63.2,67.12 4 0
github.com/roboco-io/gh-project-cli/internal/cmd/analytics/stub_commands.go:71.42,89.50 1 0
github.com/roboco-io/gh-project-cli/internal/cmd/analytics/stub_commands.go:89.50,91.4 1 0
github.com/roboco-io/gh-project-cli/internal/cmd/analytics/stub_commands.go:94.2,98.12 4 0
github.com/roboco-io/gh-project-cli/internal/cmd/analytics/stub_commands.go:102.36,127.50 1 0
github.com/roboco-io/gh-project-cli/internal/cmd/analytics/stub_commands.go:127.50,129.4 1 0
github.com/roboco-io/gh-project-cli/internal/cmd/analytics/stub_commands.go:132.2,141.12 7 0
github.com/roboco-io/gh-project-cli/internal/cmd/analytics/stub_commands.go:145.40,161.50 1 0
github.com/roboco-io/gh-project-cli/internal/cmd/analytics/stub_commands.go:161.50,163.4 1 0
github.com/roboco-io/gh-project-cli/internal/cmd/analytics/stub_commands.go:166.2,173.12 5 0
github.com/roboco-io/gh-project-cli/internal/cmd/analytics/stub_commands.go:177.41,192.50 1 0
github.com/roboco-io/gh-project-cli/internal/cmd/analytics/stub_commands.go:192.50,194.4 1 0
github.com/roboco-io/gh-project-cli/internal/cmd/analytics/stub_commands.go:197.2,203.12 4 0
github.com/roboco-io/gh-project-cli/internal/cmd/analytics/stub_commands.go:207.45,223.50 1 0
github.com/roboco-io/gh-project-cli/internal/cmd/analytics/stub_commands.go:223.50,225.4 1 0
github.com/roboco-io/gh-project-cli/internal/cmd/analytics/stub_commands.go:228.2,230.12 2 0
github.com/roboco-io/gh-project-cli/internal/cmd/item/add.go:30.33,50.55 2 0
github.com/roboco-io/gh-project-cli/internal/cmd/item/add.go:50.55,52.21 2 0
github.com/roboco-io/gh-project-cli/internal/cmd/item/add.go:52.21,54.5 1 0
github.com/roboco-io/gh-project-cli/internal/cmd/item/add.go:55.4,55.38 1 0
github.com/roboco-io/gh-project-cli/internal/cmd/item/add.go:59.2,64.12 5 0
github.com/roboco-io/gh-project-cli/internal/cmd/item/add.go:67.49,68.16 1 0
github.com/roboco-io/gh-project-cli/internal/cmd/item/add.go:68.16,69.23 1 0
github.com/roboco-io/gh-project-cli/internal/cmd/item/add.go:69.23,71.4 1 0
github.com/roboco-io/gh-project-cli/internal/cmd/item/add.go:72.3,72.25 1 0
github.com/roboco-io/gh-project-cli/internal/cmd/item/add.go:72.25,74.4 1 0
github.com/roboco-io/gh-project-cli/internal/cmd/item/add.go:75.8,75.31 1 0
github.com/roboco-io/gh-project-cli/internal/cmd/item/add.go:75.31,77.3 1 0
github.com/roboco-io/gh-project-cli/internal/cmd/item/add.go:78.2,78.12 1 0
github.com/roboco-io/gh-project-cli/internal/cmd/item/add.go:81.110,84.16 3 0
github.com/roboco-io/gh-project-cli/internal/cmd/item/add.go:84.16,86.3 1 0
github.com/roboco-io/gh-project-cli/internal/cmd/item/add.go:88.2,92.49 4 0
github.com/roboco-io/gh-project-cli/internal/cmd/item/add.go:95.135,97.16 2 0
github.com/roboco-io/gh-project-cli/internal/cmd/item/add.go:97.16,99.3 1 0
github.com/roboco-io/gh-project-cli/internal/cmd/item/add.go:101.2,102.59 2 0
github.com/roboco-io/gh-project-cli/internal/cmd/item/add.go:105.118,107.16 2 0
github.com/roboco-io/gh-project-cli/internal/cmd/item/add.go:107.16,109.3 1 0
github.com/roboco-io/gh-project-cli/internal/cmd/item/add.go:111.2,115.16 3 0
github.com/roboco-io/gh-project-cli/internal/cmd/item/add.go:115.16,119.3 3 0
github.com/roboco-io/gh-project-cli/internal/cmd/item/add.go:119.8,121.19 2 0
github.com/roboco-io/gh-project-cli/internal/cmd/item/add.go:121.19,123.4 1 0
github.com/roboco-io/gh-project-cli/internal/cmd/item/add.go:124.3,126.23 3 0
github.com/roboco-io/gh-project-cli/internal/cmd/item/add.go:129.2,130.16 2 0
github.com/roboco-io/gh-project-cli/internal/cmd/item/add.go:130.16,132.3 1 0
github.com/roboco-io/gh-project-cli/internal/cmd/item/add.go:134.2,135.59 2 0
github.com/roboco-io/gh-project-cli/internal/cmd/item/add.go:138.58,139.49 1 0
github.com/roboco-io/gh-project-cli/internal/cmd/item/add.go:139.49,141.3 1 0
github.com/roboco-io/gh-project-cli/internal/cmd/item/add.go:144.2,145.16 2 0
github.com/roboco-io/gh-project-cli/internal/cmd/item/add.go:145.16,147.3 1 0
github.com/roboco-io/gh-project-cli/internal/cmd/item/add.go:150.2,151.16 2 0
github.com/roboco-io/gh-project-cli/internal/cmd/item/add.go:151.16,153.3 1 0
github.com/roboco-io/gh-project-cli/internal/cmd/item/add.go:156.2,157.16 2 0
github.com/roboco-io/gh-project-cli/internal/cmd/item/add.go:157.16,159.3 1 0
github.com/roboco-io/gh-project-cli/internal/cmd/item/add.go:161.2,161.16 1 0
github.com/roboco-io/gh-project-cli/internal/cmd/item/add.go:161.16,163.22 2 0
github.com/roboco-io/gh-project-cli/internal/cmd/item/add.go:163.22,165.4 1 0
github.com/roboco-io/gh-project-cli/internal/cmd/item/add.go:166.3,166.84 1 0
github.com/roboco-io/gh-project-cli/internal/cmd/item/add.go:169.2,169.81 1 0
github.com/roboco-io/gh-project-cli/internal/cmd/item/add.go:172.78,173.16 1 0
github.com/roboco-io/gh-project-cli/internal/cmd/item/add.go:174.18,175.35 1 0
github.com/roboco-io/gh-project-cli/internal/cmd/item/add.go:176.19,177.47 1 0
github.com/roboco-io/gh-project-cli/internal/cmd/item/add.go:178.10,179.50 1 0
github.com/roboco-io/gh-project-cli/internal/cmd/item/add.go:183.57,186.17 2 0
github.com/roboco-io/gh-project-cli/internal/cmd/item/add.go:186.17,188.48 2 0
github.com/roboco-io/gh-project-cli/internal/cmd/item/add.go:188.48,190.4 1 0
github.com/roboco-io/gh-project-cli/internal/cmd/item/add.go:191.3,191.42 1 0
github.com/roboco-io/gh-project-cli/internal/cmd/item/add.go:194.2,194.12 1 0
github.com/roboco-io/gh-project-cli/internal/cmd/item/add.go:197.47,207.2 8 0
github.com/roboco-io/gh-project-cli/internal/cmd/item/edit.go:25.34,47.55 2 0
github.com/roboco-io/gh-project-cli/internal/cmd/item/edit.go:47.55,51.4 3 0
github.com/roboco-io/gh-project-cli/internal/cmd/item/edit.go:54.2,61.12 6 0
github.com/roboco-io/gh-project-cli/internal/cmd/item/edit.go:64.60,67.16 2 0
github.com/roboco-io/gh-project-cli/internal/cmd/item/edit.go:67.16,69.3 1 0
github.com/roboco-io/gh-project-cli/internal/cmd/item/edit.go:72.2,74.16 3 0
github.com/roboco-io/gh-project-cli/internal/cmd/item/edit.go:74.16,76.3 1 0
github.com/roboco-io/gh-project-cli/internal/cmd/item/edit.go:79.2,84.16 4 0
github.com/roboco-io/gh-project-cli/internal/cmd/item/edit.go:84.16,86.3 1 0
github.com/roboco-io/gh-project-cli/internal/cmd/item/edit.go:89.2,90.45 2 0
github.com/roboco-io/gh-project-cli/internal/cmd/item/edit.go:90.45,91.35 1 0
github.com/roboco-io/gh-project-cli/internal/cmd/item/edit.go:91.35,93.9 2 0
github.com/roboco-io/gh-project-cli/internal/cmd/item/edit.go:97.2,97.19 1 0
github.com/roboco-io/gh-project-cli/internal/cmd/item/edit.go:97.19,99.3 1 0
github.com/roboco-io/gh-project-cli/internal/cmd/item/edit.go:102.2,108.79 3 0
github.com/roboco-io/gh-project-cli/internal/cmd/item/edit.go:108.79,110.3 1 0
github.com/roboco-io/gh-project-cli/internal/cmd/item/edit.go:113.2,121.16 3 0
github.com/roboco-io/gh-project-cli/internal/cmd/item/edit.go:121.16,123.3 1 0
github.com/roboco-io/gh-project-cli/internal/cmd/item/edit.go:125.2,126.73 2 0
github.com/roboco-io/gh-project-cli/internal/cmd/item/edit.go:129.78,130.16 1 0
github.com/roboco-io/gh-project-cli/internal/cmd/item/edit.go:131.18,132.49 1 0
github.com/roboco-io/gh-project-cli/internal/cmd/item/edit.go:133.15,134.50 1 0
github.com/roboco-io/gh-project-cli/internal/cmd/item/edit.go:135.10,136.50 1 0
github.com/roboco-io/gh-project-cli/internal/cmd/item/edit.go:140.60,144.2 3 0
github.com/roboco-io/gh-project-cli/internal/cmd/item/edit.go:146.59,153.2 6 0
github.com/roboco-io/gh-project-cli/internal/cmd/item/item.go:8.34,43.2 7 0
github.com/roboco-io/gh-project-cli/internal/cmd/item/list.go:47.34,65.55 2 0
github.com/roboco-io/gh-project-cli/internal/cmd/item/list.go:65.55,66.21 1 0
github.com/roboco-io/gh-project-cli/internal/cmd/item/list.go:66.21,68.5 1 0
github.com/roboco-io/gh-project-cli/internal/cmd/item/list.go:69.4,69.39 1 0
github.com/roboco-io/gh-project-cli/internal/cmd/item/list.go:73.2,82.12 9 0
github.com/roboco-io/gh-project-cli/internal/cmd/item/list.go:85.60,89.16 3 0
github.com/roboco-io/gh-project-cli/internal/cmd/item/list.go:89.16,91.3 1 0
github.com/roboco-io/gh-project-cli/internal/cmd/item/list.go:94.2,99.27 4 0
github.com/roboco-io/gh-project-cli/internal/cmd/item/list.go:99.27,102.3 1 0
github.com/roboco-io/gh-project-cli/internal/cmd/item/list.go:102.8,105.3 1 0
github.com/roboco-io/gh-project-cli/internal/cmd/item/list.go:107.2,107.16 1 0
github.com/roboco-io/gh-project-cli/internal/cmd/item/list.go:107.16,109.3 1 0
github.com/roboco-io/gh-project-cli/internal/cmd/item/list.go:111.2,111.40 1 0
github.com/roboco-io/gh-project-cli/internal/cmd/item/list.go:114.128,117.21 2 0
github.com/roboco-io/gh-project-cli/internal/cmd/item/list.go:117.21,119.3 1 0
github.com/roboco-io/gh-project-cli/internal/cmd/item/list.go:120.2,123.22 3 0
github.com/roboco-io/gh-project-cli/internal/cmd/item/list.go:123.22,125.3 1 0
github.com/roboco-io/gh-project-cli/internal/cmd/item/list.go:127.2,130.45 2 0
github.com/roboco-io/gh-project-cli/internal/cmd/item/list.go:130.45,132.17 2 0
github.com/roboco-io/gh-project-cli/internal/cmd/item/list.go:132.17,134.4 1 0
github.com/roboco-io/gh-project-cli/internal/cmd/item/list.go:135.3,135.41 1 0
github.com/roboco-io/gh-project-cli/internal/cmd/item/list.go:139.2,139.72 1 0
github.com/roboco-io/gh-project-cli/internal/cmd/item/list.go:139.72,141.17 2 0
github.com/roboco-io/gh-project-cli/internal/cmd/item/list.go:141.17,143.4 1 0
github.com/roboco-io/gh-project-cli/internal/cmd/item/list.go:144.3,144.38 1 0
github.com/roboco-io/gh-project-cli/internal/cmd/item/list.go:148.2,148.42 1 0
github.com/roboco-io/gh-project-cli/internal/cmd/item/list.go:151.120,164.23 3 0
github.com/roboco-io/gh-project-cli/internal/cmd/item/list.go:164.23,166.3 1 0
github.com/roboco-io/gh-project-cli/internal/cmd/item/list.go:168.2,171.45 2 0
github.com/roboco-io/gh-project-cli/internal/cmd/item/list.go:171.45,173.17 2 0
github.com/roboco-io/gh-project-cli/internal/cmd/item/list.go:173.17,175.4 1 0
github.com/roboco-io/gh-project-cli/internal/cmd/item/list.go:176.3,176.41 1 0
github.com/roboco-io/gh-project-cli/internal/cmd/item/list.go:180.2,180.72 1 0
github.com/roboco-io/gh-project-cli/internal/cmd/item/list.go:180.72,182.17 2 0
github.com/roboco-io/gh-project-cli/internal/cmd/item/list.go:182.17,184.4 1 0
github.com/roboco-io/gh-project-cli/internal/cmd/item/list.go:185.3,185.38 1 0
github.com/roboco-io/gh-project-cli/internal/cmd/item/list.go:188.2,188.22 1 0
github.com/roboco-io/gh-project-cli/internal/cmd/item/list.go:191.83,194.23 2 0
github.com/roboco-io/gh-project-cli/internal/cmd/item/list.go:194.23,197.47 1 0
github.com/roboco-io/gh-project-cli/internal/cmd/item/list.go:197.47,199.4 1 0
github.com/roboco-io/gh-project-cli/internal/cmd/item/list.go:202.2,202.41 1 0
github.com/roboco-io/gh-project-cli/internal/cmd/item/list.go:205.75,206.24 1 0
github.com/roboco-io/gh-project-cli/internal/cmd/item/list.go:206.24,208.3 1 0
github.com/roboco-io/gh-project-cli/internal/cmd/item/list.go:209.2,209.59 1 0
github.com/roboco-io/gh-project-cli/internal/cmd/item/list.go:212.79,213.26 1 0
github.com/roboco-io/gh-project-cli/internal/cmd/item/list.go:213.26,215.3 1 0
github.com/roboco-io/gh-project-cli/internal/cmd/item/list.go:217.2,217.42 1 0
github.com/roboco-io/gh-project-cli/internal/cmd/item/list.go:217.42,218.92 1 0
github.com/roboco-io/gh-project-cli/internal/cmd/item/list.go:218.92,220.4 1 0
github.com/roboco-io/gh-project-cli/internal/cmd/item/list.go:222.2,222.14 1 0
github.com/roboco-io/gh-project-cli/internal/cmd/item/list.go:225.77,226.28 1 0
github.com/roboco-io/gh-project-cli/internal/cmd/item/list.go:226.28,228.3 1 0
github.com/roboco-io/gh-project-cli/internal/cmd/item/list.go:230.2,230.45 1 0
github.com/roboco-io/gh-project-cli/internal/cmd/item/list.go:230.45,231.41 1 0
github.com/roboco-io/gh-project-cli/internal/cmd/item/list.go:231.41,233.4 1 0
github.com/roboco-io/gh-project-cli/internal/cmd/item/list.go:235.2,235.13 1 0
github.com/roboco-io/gh-project-cli/internal/cmd/item/list.go:238.70,239.40 1 0
github.com/roboco-io/gh-project-cli/internal/cmd/item/list.go:239.40,240.33 1 0
github.com/roboco-io/gh-project-cli/internal/cmd/item/list.go:240.33,242.4 1 0
github.com/roboco-io/gh-project-cli/internal/cmd/item/list.go:244.2,244.14 1 0
github.com/roboco-io/gh-project-cli/internal/cmd/item/list.go:247.73,248.37 1 0
github.com/roboco-io/gh-project-cli/internal/cmd/item/list.go:248.37,250.3 1 0
github.com/roboco-io/gh-project-cli/internal/cmd/item/list.go:251.2,251.14 1 0
github.com/roboco-io/gh-project-cli/internal/cmd/item/list.go:254.65,255.21 1 0
github.com/roboco-io/gh-project-cli/internal/cmd/item/list.go:255.21,258.3 2 0
github.com/roboco-io/gh-project-cli/internal/cmd/item/list.go:260.2,260.16 1 0
github.com/roboco-io/gh-project-cli/internal/cmd/item/list.go:261.18,262.32 1 0
github.com/roboco-io/gh-project-cli/internal/cmd/item/list.go:263.15,264.33 1 0
github.com/roboco-io/gh-project-cli/internal/cmd/item/list.go:265.10,266.50 1 0
github.com/roboco-io/gh-project-cli/internal/cmd/item/list.go:270.55,273.23 2 0
github.com/roboco-io/gh-project-cli/internal/cmd/item/list.go:273.23,275.3 1 0
github.com/roboco-io/gh-project-cli/internal/cmd/item/list.go:277.2,277.12 1 0
github.com/roboco-io/gh-project-cli/internal/cmd/item/list.go:280.29,284.2 2 0
github.com/roboco-io/gh-project-cli/internal/cmd/item/list.go:286.48,297.2 8 0
github.com/roboco-io/gh-project-cli/internal/cmd/item/list.go:299.63,300.21 1 0
github.com/roboco-io/gh-project-cli/internal/cmd/item/list.go:300.21,302.3 1 0
github.com/roboco-io/gh-project-cli/internal/cmd/item/list.go:303.2,303.10 1 0
github.com/roboco-io/gh-project-cli/internal/cmd/item/list.go:306.43,307.19 1 0
github.com/roboco-io/gh-project-cli/internal/cmd/item/list.go:307.19,309.3 1 0
github.com/roboco-io/gh-project-cli/internal/cmd/item/list.go:310.2,311.70 2 0
github.com/roboco-io/gh-project-cli/internal/cmd/item/list.go:314.54,315.23 1 0
github.com/roboco-io/gh-project-cli/internal/cmd/item/list.go:315.23,317.3 1 0
github.com/roboco-io/gh-project-cli/internal/cmd/item/list.go:318.2,318.83 1 0
github.com/roboco-io/gh-project-cli/internal/cmd/item/list.go:321.46,322.19 1 0
github.com/roboco-io/gh-project-cli/internal/cmd/item/list.go:322.19,324.3 1 0
github.com/roboco-io/gh-project-cli/internal/cmd/item/list.go:325.2,325.71 1 0
github.com/roboco-io/gh-project-cli/internal/cmd/item/list.go:328.44,329.35 1 0
github.com/roboco-io/gh-project-cli/internal/cmd/item/list.go:329.35,331.3 1 0
github.com/roboco-io/gh-project-cli/internal/cmd/item/list.go:332.2,332.16 1 0
github.com/roboco-io/gh-project-cli/internal/cmd/item/list.go:335.54,338.23 2 0
github.com/roboco-io/gh-project-cli/internal/cmd/item/list.go:338.23,343.25 5 0
github.com/roboco-io/gh-project-cli/internal/cmd/item/list.go:343.25,345.4 1 0
github.com/roboco-io/gh-project-cli/internal/cmd/item/list.go:346.3,347.29 2 0
github.com/roboco-io/gh-project-cli/internal/cmd/item/list.go:347.29,349.4 1 0
github.com/roboco-io/gh-project-cli/internal/cmd/item/list.go:350.3,350.25 1 0
github.com/roboco-io/gh-project-cli/internal/cmd/item/list.go:350.25,352.4 1 0
github.com/roboco-io/gh-project-cli/internal/cmd/item/list.go:353.3,355.23 2 0
github.com/roboco-io/gh-project-cli/internal/cmd/item/list.go:355.23,357.4 1 0
github.com/roboco-io/gh-project-cli/internal/cmd/item/list.go:357.9,359.4 1 0
github.com/roboco-io/gh-project-cli/internal/cmd/item/list.go:361.2,363.12 2 0
github.com/roboco-io/gh-project-cli/internal/cmd/item/remove.go:22.36,40.55 2 0
github.com/roboco-io/gh-project-cli/internal/cmd/item/remove.go:40.55,44.4 3 0
github.com/roboco-io/gh-project-cli/internal/cmd/item/remove.go:47.2,49.12 2 0
github.com/roboco-io/gh-project-cli/internal/cmd/item/remove.go:52.64,55.16 2 0
github.com/roboco-io/gh-project-cli/internal/cmd/item/remove.go:55.16,57.3 1 0
github.com/roboco-io/gh-project-cli/internal/cmd/item/remove.go:60.2,62.16 3 0
github.com/roboco-io/gh-project-cli/internal/cmd/item/remove.go:62.16,64.3 1 0
github.com/roboco-io/gh-project-cli/internal/cmd/item/remove.go:67.2,73.16 5 0
github.com/roboco-io/gh-project-cli/internal/cmd/item/remove.go:73.16,75.3 1 0
github.com/roboco-io/gh-project-cli/internal/cmd/item/remove.go:78.2,78.17 1 0
github.com/roboco-io/gh-project-cli/internal/cmd/item/remove.go:78.17,87.21 8 0
github.com/roboco-io/gh-project-cli/internal/cmd/item/remove.go:87.21,90.4 2 0
github.com/roboco-io/gh-project-cli/internal/cmd/item/remove.go:92.3,92.31 1 0
github.com/roboco-io/gh-project-cli/internal/cmd/item/remove.go:92.31,95.4 2 0
github.com/roboco-io/gh-project-cli/internal/cmd/item/remove.go:99.2,100.16 2 0
github.com/roboco-io/gh-project-cli/internal/cmd/item/remove.go:100.16,102.3 1 0
github.com/roboco-io/gh-project-cli/internal/cmd/item/remove.go:104.2,105.12 2 0
github.com/roboco-io/gh-project-cli/internal/cmd/item/view.go:28.34,47.55 2 0
github.com/roboco-io/gh-project-cli/internal/cmd/item/view.go:47.55,50.4 2 0
github.com/roboco-io/gh-project-cli/internal/cmd/item/view.go:53.2,56.12 3 0
github.com/roboco-io/gh-project-cli/internal/cmd/item/view.go:59.60,62.16 2 0
github.com/roboco-io/gh-project-cli/internal/cmd/item/view.go:62.16,64.3 1 0
github.com/roboco-io/gh-project-cli/internal/cmd/item/view.go:67.2,69.16 3 0
github.com/roboco-io/gh-project-cli/internal/cmd/item/view.go:69.16,71.3 1 0
github.com/roboco-io/gh-project-cli/internal/cmd/item/view.go:74.2,79.16 4 0
github.com/roboco-io/gh-project-cli/internal/cmd/item/view.go:79.16,80.15 1 0
github.com/roboco-io/gh-project-cli/internal/cmd/item/view.go:80.15,83.4 2 0
github.com/roboco-io/gh-project-cli/internal/cmd/item/view.go:84.3,84.48 1 0
github.com/roboco-io/gh-project-cli/internal/cmd/item/view.go:88.2,89.16 2 0
github.com/roboco-io/gh-project-cli/internal/cmd/item/view.go:89.16,91.3 1 0
github.com/roboco-io/gh-project-cli/internal/cmd/item/view.go:93.2,93.14 1 0
github.com/roboco-io/gh-project-cli/internal/cmd/item/view.go:93.14,96.3 2 0
github.com/roboco-io/gh-project-cli/internal/cmd/item/view.go:98.2,98.50 1 0
github.com/roboco-io/gh-project-cli/internal/cmd/item/view.go:101.68,102.16 1 0
github.com/roboco-io/gh-project-cli/internal/cmd/item/view.go:103.14,104.39 1 0
github.com/roboco-io/gh-project-cli/internal/cmd/item/view.go:105.17,106.40 1 0
github.com/roboco-io/gh-project-cli/internal/cmd/item/view.go:107.10,108.50 1 0
github.com/roboco-io/gh-project-cli/internal/cmd/item/view.go:112.77,113.16 1 0
github.com/roboco-io/gh-project-cli/internal/cmd/item/view.go:114.14,115.42 1 0
github.com/roboco-io/gh-project-cli/internal/cmd/item/view.go:116.17,117.43 1 0
github.com/roboco-io/gh-project-cli/internal/cmd/item/view.go:118.10,119.50 1 0
github.com/roboco-io/gh-project-cli/internal/cmd/item/view.go:123.58,129.18 6 0
github.com/roboco-io/gh-project-cli/internal/cmd/item/view.go:129.18,131.3 1 0
github.com/roboco-io/gh-project-cli/internal/cmd/item/view.go:131.8,133.3 1 0
github.com/roboco-io/gh-project-cli/internal/cmd/item/view.go:134.2,139.33 4 0
github.com/roboco-io/gh-project-cli/internal/cmd/item/view.go:139.33,141.44 2 0
github.com/roboco-io/gh-project-cli/internal/cmd/item/view.go:141.44,143.4 1 0
github.com/roboco-io/gh-project-cli/internal/cmd/item/view.go:147.2,147.36 1 0
github.com/roboco-io/gh-project-cli/internal/cmd/item/view.go:147.36,149.50 2 0
github.com/roboco-io/gh-project-cli/internal/cmd/item/view.go:149.50,151.4 1 0
github.com/roboco-io/gh-project-cli/internal/cmd/item/view.go:155.2,155.22 1 0
github.com/roboco-io/gh-project-cli/internal/cmd/item/view.go:155.22,161.39 4 0
github.com/roboco-io/gh-project-cli/internal/cmd/item/view.go:161.39,163.4 1 0
github.com/roboco-io/gh-project-cli/internal/cmd/item/view.go:166.3,167.30 2 0
github.com/roboco-io/gh-project-cli/internal/cmd/item/view.go:167.30,169.4 1 0
github.com/roboco-io/gh-project-cli/internal/cmd/item/view.go:172.2,172.12 1 0
github.com/roboco-io/gh-project-cli/internal/cmd/item/view.go:175.67,182.15 6 0
github.com/roboco-io/gh-project-cli/internal/cmd/item/view.go:182.15,184.3 1 0
github.com/roboco-io/gh-project-cli/internal/cmd/item/view.go:185.2,192.30 5 0
github.com/roboco-io/gh-project-cli/internal/cmd/item/view.go:192.30,194.41 2 0
github.com/roboco-io/gh-project-cli/internal/cmd/item/view.go:194.41,196.4 1 0
github.com/roboco-io/gh-project-cli/internal/cmd/item/view.go:200.2,200.33 1 0
github.com/roboco-io/gh-project-cli/internal/cmd/item/view.go:200.33,202.47 2 0
github.com/roboco-io/gh-project-cli/internal/cmd/item/view.go:202.47,204.4 1 0
github.com/roboco-io/gh-project-cli/internal/cmd/item/view.go:208.2,208.38 1 0
github.com/roboco-io/gh-project-cli/internal/cmd/item/view.go:208.38,210.51 2 0
github.com/roboco-io/gh-project-cli/internal/cmd/item/view.go:210.51,212.4 1 0
github.com/roboco-io/gh-project-cli/internal/cmd/item/view.go:216.2,216.19 1 0
github.com/roboco-io/gh-project-cli/internal/cmd/item/view.go:216.19,222.39 4 0
github.com/roboco-io/gh-project-cli/internal/cmd/item/view.go:222.39,224.4 1 0
github.com/roboco-io/gh-project-cli/internal/cmd/item/view.go:227.3,228.30 2 0
github.com/roboco-io/gh-project-cli/internal/cmd/item/view.go:228.30,230.4 1 0
github.com/roboco-io/gh-project-cli/internal/cmd/item/view.go:233.2,233.12 1 0
github.com/roboco-io/gh-project-cli/internal/cmd/item/view.go:236.57,250.2 13 0
github.com/roboco-io/gh-project-cli/internal/cmd/item/view.go:252.66,267.2 14 0
github.com/roboco-io/gh-project-cli/internal/cmd/workflow/add_action.go:28.39,59.55 2 0
github.com/roboco-io/gh-project-cli/internal/cmd/workflow/add_action.go:59.55,64.4 4 0
github.com/roboco-io/gh-project-cli/internal/cmd/workflow/add_action.go:67.2,73.12 6 0
github.com/roboco-io/gh-project-cli/internal/cmd/workflow/add_action.go:76.70,79.16 2 0
github.com/roboco-io/gh-project-cli/internal/cmd/workflow/add_action.go:79.16,81.3 1 0
github.com/roboco-io/gh-project-cli/internal/cmd/workflow/add_action.go:84.2,84.87 1 0
github.com/roboco-io/gh-project-cli/internal/cmd/workflow/add_action.go:84.87,86.3 1 0
github.com/roboco-io/gh-project-cli/internal/cmd/workflow/add_action.go:89.2,91.16 3 0
github.com/roboco-io/gh-project-cli/internal/cmd/workflow/add_action.go:91.16,93.3 1 0
github.com/roboco-io/gh-project-cli/internal/cmd/workflow/add_action.go:96.2,105.24 4 0
github.com/roboco-io/gh-project-cli/internal/cmd/workflow/add_action.go:105.24,107.3 1 0
github.com/roboco-io/gh-project-cli/internal/cmd/workflow/add_action.go:108.2,108.22 1 0
github.com/roboco-io/gh-project-cli/internal/cmd/workflow/add_action.go:108.22,110.3 1 0
github.com/roboco-io/gh-project-cli/internal/cmd/workflow/add_action.go:111.2,111.23 1 0
github.com/roboco-io/gh-project-cli/internal/cmd/workflow/add_action.go:111.23,113.3 1 0
github.com/roboco-io/gh-project-cli/internal/cmd/workflow/add_action.go:114.2,114.23 1 0
github.com/roboco-io/gh-project-cli/internal/cmd/workflow/add_action.go:114.23,116.3 1 0
github.com/roboco-io/gh-project-cli/internal/cmd/workflow/add_action.go:117.2,117.24 1 0
github.com/roboco-io/gh-project-cli/internal/cmd/workflow/add_action.go:117.24,119.3 1 0
github.com/roboco-io/gh-project-cli/internal/cmd/workflow/add_action.go:122.2,123.16 2 0
github.com/roboco-io/gh-project-cli/internal/cmd/workflow/add_action.go:123.16,125.3 1 0
github.com/roboco-io/gh-project-cli/internal/cmd/workflow/add_action.go:128.2,128.47 1 0
github.com/roboco-io/gh-project-cli/internal/cmd/workflow/add_action.go:131.109,143.62 2 0
github.com/roboco-io/gh-project-cli/internal/cmd/workflow/add_action.go:143.62,145.3 1 0
github.com/roboco-io/gh-project-cli/internal/cmd/workflow/add_action.go:146.2,146.12 1 0
github.com/roboco-io/gh-project-cli/internal/cmd/workflow/add_action.go:149.59,150.44 1 0
github.com/roboco-io/gh-project-cli/internal/cmd/workflow/add_action.go:150.44,152.3 1 0
github.com/roboco-io/gh-project-cli/internal/cmd/workflow/add_action.go:153.2,153.12 1 0
github.com/roboco-io/gh-project-cli/internal/cmd/workflow/add_action.go:156.61,157.24 1 0
github.com/roboco-io/gh-project-cli/internal/cmd/workflow/add_action.go:157.24,159.3 1 0
github.com/roboco-io/gh-project-cli/internal/cmd/workflow/add_action.go:160.2,160.12 1 0
github.com/roboco-io/gh-project-cli/internal/cmd/workflow/add_action.go:163.63,164.44 1 0
github.com/roboco-io/gh-project-cli/internal/cmd/workflow/add_action.go:164.44,166.3 1 0
github.com/roboco-io/gh-project-cli/internal/cmd/workflow/add_action.go:167.2,167.12 1 0
github.com/roboco-io/gh-project-cli/internal/cmd/workflow/add_action.go:170.57,171.24 1 0
github.com/roboco-io/gh-project-cli/internal/cmd/workflow/add_action.go:171.24,173.3 1 0
github.com/roboco-io/gh-project-cli/internal/cmd/workflow/add_action.go:174.2,174.12 1 0
github.com/roboco-io/gh-project-cli/internal/cmd/workflow/add_action.go:177.57,178.22 1 0
github.com/roboco-io/gh-project-cli/internal/cmd/workflow/add_action.go:178.22,180.3 1 0
github.com/roboco-io/gh-project-cli/internal/cmd/workflow/add_action.go:181.2,181.12 1 0
github.com/roboco-io/gh-project-cli/internal/cmd/workflow/add_action.go:184.61,185.24 1 0
github.com/roboco-io/gh-project-cli/internal/cmd/workflow/add_action.go:185.24,187.3 1 0
github.com/roboco-io/gh-project-cli/internal/cmd/workflow/add_action.go:188.2,188.12 1 0
github.com/roboco-io/gh-project-cli/internal/cmd/workflow/add_action.go:191.59,194.2 1 0
github.com/roboco-io/gh-project-cli/internal/cmd/workflow/add_action.go:196.60,199.2 1 0
github.com/roboco-io/gh-project-cli/internal/cmd/workflow/add_action.go:201.79,202.16 1 0
github.com/roboco-io/gh-project-cli/internal/cmd/workflow/add_action.go:203.18,204.38 1 0
github.com/roboco-io/gh-project-cli/internal/cmd/workflow/add_action.go:205.19,206.39 1 0
github.com/roboco-io/gh-project-cli/internal/cmd/workflow/add_action.go:207.10,208.50 1 0
github.com/roboco-io/gh-project-cli/internal/cmd/workflow/add_action.go:212.69,219.26 5 0
github.com/roboco-io/gh-project-cli/internal/cmd/workflow/add_action.go:219.26,221.3 1 0
github.com/roboco-io/gh-project-cli/internal/cmd/workflow/add_action.go:223.2,223.24 1 0
github.com/roboco-io/gh-project-cli/internal/cmd/workflow/add_action.go:223.24,225.3 1 0
github.com/roboco-io/gh-project-cli/internal/cmd/workflow/add_action.go:227.2,227.25 1 0
github.com/roboco-io/gh-project-cli/internal/cmd/workflow/add_action.go:227.25,229.3 1 0
github.com/roboco-io/gh-project-cli/internal/cmd/workflow/add_action.go:231.2,231.25 1 0
github.com/roboco-io/gh-project-cli/internal/cmd/workflow/add_action.go:231.25,233.3 1 0
github.com/roboco-io/gh-project-cli/internal/cmd/workflow/add_action.go:235.2,235.26 1 0
github.com/roboco-io/gh-project-cli/internal/cmd/workflow/add_action.go:235.26,237.3 1 0
github.com/roboco-io/gh-project-cli/internal/cmd/workflow/add_action.go:239.2,239.12 1 0
github.com/roboco-io/gh-project-cli/internal/cmd/workflow/add_action.go:242.68,248.26 5 0
github.com/roboco-io/gh-project-cli/internal/cmd/workflow/add_action.go:248.26,250.3 1 0
github.com/roboco-io/gh-project-cli/internal/cmd/workflow/add_action.go:252.2,252.24 1 0
github.com/roboco-io/gh-project-cli/internal/cmd/workflow/add_action.go:252.24,254.3 1 0
github.com/roboco-io/gh-project-cli/internal/cmd/workflow/add_action.go:256.2,256.25 1 0
github.com/roboco-io/gh-project-cli/internal/cmd/workflow/add_action.go:256.25,258.3 1 0
github.com/roboco-io/gh-project-cli/internal/cmd/workflow/add_action.go:260.2,260.25 1 0
github.com/roboco-io/gh-project-cli/internal/cmd/workflow/add_action.go:260.25,262.3 1 0
github.com/roboco-io/gh-project-cli/internal/cmd/workflow/add_action.go:264.2,264.26 1 0
github.com/roboco-io/gh-project-cli/internal/cmd/workflow/add_action.go:264.26,266.3 1 0
github.com/roboco-io/gh-project-cli/internal/cmd/workflow/add_action.go:268.2,270.12 2 0
github.com/roboco-io/gh-project-cli/internal/cmd/workflow/add_trigger.go:26.40,62.55 2 0
github.com/roboco-io/gh-project-cli/internal/cmd/workflow/add_trigger.go:62.55,67.4 4 0
github.com/roboco-io/gh-project-cli/internal/cmd/workflow/add_trigger.go:70.2,74.12 4 0
github.com/roboco-io/gh-project-cli/internal/cmd/workflow/add_trigger.go:77.72,80.16 2 0
github.com/roboco-io/gh-project-cli/internal/cmd/workflow/add_trigger.go:80.16,82.3 1 0
github.com/roboco-io/gh-project-cli/internal/cmd/workflow/add_trigger.go:85.2,86.22 2 0
github.com/roboco-io/gh-project-cli/internal/cmd/workflow/add_trigger.go:86.22,88.17 2 0
github.com/roboco-io/gh-project-cli/internal/cmd/workflow/add_trigger.go:88.17,90.4 1 0
github.com/roboco-io/gh-project-cli/internal/cmd/workflow/add_trigger.go:94.2,96.16 3 0
github.com/roboco-io/gh-project-cli/internal/cmd/workflow/add_trigger.go:96.16,98.3 1 0
github.com/roboco-io/gh-project-cli/internal/cmd/workflow/add_trigger.go:101.2,111.24 4 0
github.com/roboco-io/gh-project-cli/internal/cmd/workflow/add_trigger.go:111.24,113.3 1 0
github.com/roboco-io/gh-project-cli/internal/cmd/workflow/add_trigger.go:114.2,114.22 1 0
github.com/roboco-io/gh-project-cli/internal/cmd/workflow/add_trigger.go:114.22,116.3 1 0
github.com/roboco-io/gh-project-cli/internal/cmd/workflow/add_trigger.go:119.2,120.16 2 0
github.com/roboco-io/gh-project-cli/internal/cmd/workflow/add_trigger.go:120.16,122.3 1 0
github.com/roboco-io/gh-project-cli/internal/cmd/workflow/add_trigger.go:125.2,125.48 1 0
github.com/roboco-io/gh-project-cli/internal/cmd/workflow/add_trigger.go:128.81,129.16 1 0
github.com/roboco-io/gh-project-cli/internal/cmd/workflow/add_trigger.go:130.18,131.39 1 0
github.com/roboco-io/gh-project-cli/internal/cmd/workflow/add_trigger.go:132.19,133.40 1 0
github.com/roboco-io/gh-project-cli/internal/cmd/workflow/add_trigger.go:134.10,135.50 1 0
github.com/roboco-io/gh-project-cli/internal/cmd/workflow/add_trigger.go:139.71,146.23 5 0
github.com/roboco-io/gh-project-cli/internal/cmd/workflow/add_trigger.go:146.23,148.3 1 0
github.com/roboco-io/gh-project-cli/internal/cmd/workflow/add_trigger.go:150.2,150.26 1 0
github.com/roboco-io/gh-project-cli/internal/cmd/workflow/add_trigger.go:150.26,152.3 1 0
github.com/roboco-io/gh-project-cli/internal/cmd/workflow/add_trigger.go:154.2,154.24 1 0
github.com/roboco-io/gh-project-cli/internal/cmd/workflow/add_trigger.go:154.24,156.3 1 0
github.com/roboco-io/gh-project-cli/internal/cmd/workflow/add_trigger.go:158.2,158.12 1 0
github.com/roboco-io/gh-project-cli/internal/cmd/workflow/add_trigger.go:161.70,167.23 5 0
github.com/roboco-io/gh-project-cli/internal/cmd/workflow/add_trigger.go:167.23,169.3 1 0
github.com/roboco-io/gh-project-cli/internal/cmd/workflow/add_trigger.go:171.2,171.26 1 0
github.com/roboco-io/gh-project-cli/internal/cmd/workflow/add_trigger.go:171.26,173.3 1 0
github.com/roboco-io/gh-project-cli/internal/cmd/workflow/add_trigger.go:175.2,175.24 1 0
github.com/roboco-io/gh-project-cli/internal/cmd/workflow/add_trigger.go:175.24,177.3 1 0
github.com/roboco-io/gh-project-cli/internal/cmd/workflow/add_trigger.go:179.2,181.12 2 0
github.com/roboco-io/gh-project-cli/internal/cmd/workflow/create.go:26.36,44.55 2 0
github.com/roboco-io/gh-project-cli/internal/cmd/workflow/create.go:44.55,49.4 4 0
github.com/roboco-io/gh-project-cli/internal/cmd/workflow/create.go:52.2,56.12 4 0
github.com/roboco-io/gh-project-cli/internal/cmd/workflow/create.go:59.64,61.64 1 0
github.com/roboco-io/gh-project-cli/internal/cmd/workflow/create.go:61.64,63.3 1 0
github.com/roboco-io/gh-project-cli/internal/cmd/workflow/create.go:68.2,69.21 2 0
github.com/roboco-io/gh-project-cli/internal/cmd/workflow/create.go:69.21,71.3 1 0
github.com/roboco-io/gh-project-cli/internal/cmd/workflow/create.go:73.2,75.16 3 0
github.com/roboco-io/gh-project-cli/internal/cmd/workflow/create.go:75.16,77.3 1 0
github.com/roboco-io/gh-project-cli/internal/cmd/workflow/create.go:80.2,82.16 3 0
github.com/roboco-io/gh-project-cli/internal/cmd/workflow/create.go:82.16,84.3 1 0
github.com/roboco-io/gh-project-cli/internal/cmd/workflow/create.go:87.2,94.16 6 0
github.com/roboco-io/gh-project-cli/internal/cmd/workflow/create.go:94.16,96.3 1 0
github.com/roboco-io/gh-project-cli/internal/cmd/workflow/create.go:99.2,106.16 3 0
github.com/roboco-io/gh-project-cli/internal/cmd/workflow/create.go:106.16,108.3 1 0
github.com/roboco-io/gh-project-cli/internal/cmd/workflow/create.go:111.2,111.53 1 0
github.com/roboco-io/gh-project-cli/internal/cmd/workflow/create.go:114.86,115.16 1 0
github.com/roboco-io/gh-project-cli/internal/cmd/workflow/create.go:116.18,117.45 1 0
github.com/roboco-io/gh-project-cli/internal/cmd/workflow/create.go:118.19,119.46 1 0
github.com/roboco-io/gh-project-cli/internal/cmd/workflow/create.go:120.10,121.50 1 0
github.com/roboco-io/gh-project-cli/internal/cmd/workflow/create.go:125.76,131.2 3 0
github.com/roboco-io/gh-project-cli/internal/cmd/workflow/create.go:133.75,143.2 8 0
github.com/roboco-io/gh-project-cli/internal/cmd/workflow/delete.go:25.36,45.55 2 0
github.com/roboco-io/gh-project-cli/internal/cmd/workflow/delete.go:45.55,49.4 3 0
github.com/roboco-io/gh-project-cli/internal/cmd/workflow/delete.go:52.2,54.12 2 0
github.com/roboco-io/gh-project-cli/internal/cmd/workflow/delete.go:57.64,61.16 3 0
github.com/roboco-io/gh-project-cli/internal/cmd/workflow/delete.go:61.16,63.3 1 0
github.com/roboco-io/gh-project-cli/internal/cmd/workflow/delete.go:66.2,71.16 4 0
github.com/roboco-io/gh-project-cli/internal/cmd/workflow/delete.go:71.16,73.3 1 0
github.com/roboco-io/gh-project-cli/internal/cmd/workflow/delete.go:76.2,76.17 1 0
github.com/roboco-io/gh-project-cli/internal/cmd/workflow/delete.go:76.17,78.28 2 0
github.com/roboco-io/gh-project-cli/internal/cmd/workflow/delete.go:78.28,80.4 1 0
github.com/roboco-io/gh-project-cli/internal/cmd/workflow/delete.go:82.3,88.21 6 0
github.com/roboco-io/gh-project-cli/internal/cmd/workflow/delete.go:88.21,90.4 1 0
github.com/roboco-io/gh-project-cli/internal/cmd/workflow/delete.go:92.3,93.43 2 0
github.com/roboco-io/gh-project-cli/internal/cmd/workflow/delete.go:93.43,96.4 2 0
github.com/roboco-io/gh-project-cli/internal/cmd/workflow/delete.go:100.2,105.16 3 0
github.com/roboco-io/gh-project-cli/internal/cmd/workflow/delete.go:105.16,107.3 1 0
github.com/roboco-io/gh-project-cli/internal/cmd/workflow/delete.go:110.2,110.60 1 0
github.com/roboco-io/gh-project-cli/internal/cmd/workflow/delete.go:113.88,114.16 1 0
github.com/roboco-io/gh-project-cli/internal/cmd/workflow/delete.go:115.18,116.52 1 0
github.com/roboco-io/gh-project-cli/internal/cmd/workflow/delete.go:117.19,118.53 1 0
github.com/roboco-io/gh-project-cli/internal/cmd/workflow/delete.go:119.10,120.50 1 0
github.com/roboco-io/gh-project-cli/internal/cmd/workflow/delete.go:124.78,127.2 2 0
github.com/roboco-io/gh-project-cli/internal/cmd/workflow/delete.go:129.77,136.2 6 0
github.com/roboco-io/gh-project-cli/internal/cmd/workflow/disable.go:13.37,26.126 1 0
github.com/roboco-io/gh-project-cli/internal/cmd/workflow/disable.go:26.126,28.4 1 0
github.com/roboco-io/gh-project-cli/internal/cmd/workflow/disable.go:32.2,32.40 1 0
[...]
github.com/roboco-io/gh-project-cli/internal/service/item.go:184.2,195.16 5 0
github.com/roboco-io/gh-project-cli/internal/service/item.go:195.16,197.3 1 0
github.com/roboco-io/gh-project-cli/internal/service/item.go:199.2,200.47 2 0
github.com/roboco-io/gh-project-cli/internal/service/item.go:200.47,203.44 3 0
github.com/roboco-io/gh-project-cli/internal/service/item.go:203.44,205.4 1 0
github.com/roboco-io/gh-project-cli/internal/service/item.go:207.3,208.50 2 0
github.com/roboco-io/gh-project-cli/internal/service/item.go:208.50,210.4 1 0
github.com/roboco-io/gh-project-cli/internal/service/item.go:212.3,225.4 1 0
github.com/roboco-io/gh-project-cli/internal/service/item.go:228.2,228.19 1 0
github.com/roboco-io/gh-project-cli/internal/service/item.go:232.139,233.16 1 0
github.com/roboco-io/gh-project-cli/internal/service/item.go:233.16,235.3 1 0
github.com/roboco-io/gh-project-cli/internal/service/item.go:237.2,248.16 5 0
github.com/roboco-io/gh-project-cli/internal/service/item.go:248.16,250.3 1 0
github.com/roboco-io/gh-project-cli/internal/service/item.go:252.2,253.53 2 0
github.com/roboco-io/gh-project-cli/internal/service/item.go:253.53,256.41 3 0
github.com/roboco-io/gh-project-cli/internal/service/item.go:256.41,258.4 1 0
github.com/roboco-io/gh-project-cli/internal/service/item.go:260.3,261.47 2 0
github.com/roboco-io/gh-project-cli/internal/service/item.go:261.47,263.4 1 0
github.com/roboco-io/gh-project-cli/internal/service/item.go:265.3,266.16 2 0
github.com/roboco-io/gh-project-cli/internal/service/item.go:266.16,268.4 1 0
github.com/roboco-io/gh-project-cli/internal/service/item.go:270.3,283.4 1 0
github.com/roboco-io/gh-project-cli/internal/service/item.go:286.2,286.19 1 0
github.com/roboco-io/gh-project-cli/internal/service/item.go:290.122,298.2 3 0
github.com/roboco-io/gh-project-cli/internal/service/item.go:301.132,312.16 5 0
github.com/roboco-io/gh-project-cli/internal/service/item.go:312.16,314.3 1 0
github.com/roboco-io/gh-project-cli/internal/service/item.go:316.2,316.58 1 0
github.com/roboco-io/gh-project-cli/internal/service/item.go:320.132,331.16 5 0
github.com/roboco-io/gh-project-cli/internal/service/item.go:331.16,333.3 1 0
github.com/roboco-io/gh-project-cli/internal/service/item.go:335.2,335.60 1 0
github.com/roboco-io/gh-project-cli/internal/service/item.go:339.98,347.2 3 0
github.com/roboco-io/gh-project-cli/internal/service/item.go:350.81,357.51 1 7
github.com/roboco-io/gh-project-cli/internal/service/item.go:357.51,359.3 1 2
github.com/roboco-io/gh-project-cli/internal/service/item.go:361.2,361.32 1 5
github.com/roboco-io/gh-project-cli/internal/service/item.go:361.32,363.22 2 4
github.com/roboco-io/gh-project-cli/internal/service/item.go:363.22,365.4 1 0
github.com/roboco-io/gh-project-cli/internal/service/item.go:367.3,370.21 3 4
github.com/roboco-io/gh-project-cli/internal/service/item.go:370.21,372.4 1 1
github.com/roboco-io/gh-project-cli/internal/service/item.go:374.3,375.26 2 3
github.com/roboco-io/gh-project-cli/internal/service/item.go:375.26,377.4 1 1
github.com/roboco-io/gh-project-cli/internal/service/item.go:379.3,383.17 4 2
github.com/roboco-io/gh-project-cli/internal/service/item.go:383.17,385.4 1 1
github.com/roboco-io/gh-project-cli/internal/service/item.go:387.3,387.34 1 1
github.com/roboco-io/gh-project-cli/internal/service/item.go:390.2,390.77 1 1
github.com/roboco-io/gh-project-cli/internal/service/item.go:394.77,399.39 3 2
github.com/roboco-io/gh-project-cli/internal/service/item.go:399.39,401.3 1 0
github.com/roboco-io/gh-project-cli/internal/service/item.go:403.2,409.16 5 2
github.com/roboco-io/gh-project-cli/internal/service/item.go:409.16,411.3 1 0
github.com/roboco-io/gh-project-cli/internal/service/item.go:413.2,413.33 1 2
github.com/roboco-io/gh-project-cli/internal/service/item.go:417.65,419.2 1 1
github.com/roboco-io/gh-project-cli/internal/service/item.go:422.54,426.29 2 5
github.com/roboco-io/gh-project-cli/internal/service/item.go:426.29,428.3 1 2
github.com/roboco-io/gh-project-cli/internal/service/item.go:428.8,428.66 1 3
github.com/roboco-io/gh-project-cli/internal/service/item.go:428.66,430.3 1 2
github.com/roboco-io/gh-project-cli/internal/service/item.go:433.2,433.25 1 5
github.com/roboco-io/gh-project-cli/internal/service/item.go:433.25,435.3 1 3
github.com/roboco-io/gh-project-cli/internal/service/item.go:438.2,438.30 1 5
github.com/roboco-io/gh-project-cli/internal/service/item.go:438.30,440.3 1 2
github.com/roboco-io/gh-project-cli/internal/service/item.go:443.2,443.26 1 5
github.com/roboco-io/gh-project-cli/internal/service/item.go:443.26,445.3 1 1
github.com/roboco-io/gh-project-cli/internal/service/item.go:448.2,448.28 1 5
github.com/roboco-io/gh-project-cli/internal/service/item.go:448.28,450.3 1 1
github.com/roboco-io/gh-project-cli/internal/service/item.go:453.2,453.39 1 5
github.com/roboco-io/gh-project-cli/internal/service/item.go:453.39,455.3 1 2
github.com/roboco-io/gh-project-cli/internal/service/item.go:458.2,458.25 1 5
github.com/roboco-io/gh-project-cli/internal/service/item.go:458.25,460.3 1 1
github.com/roboco-io/gh-project-cli/internal/service/item.go:462.2,462.33 1 5
github.com/roboco-io/gh-project-cli/internal/service/project.go:18.60,22.2 1 6
github.com/roboco-io/gh-project-cli/internal/service/project.go:52.67,54.23 2 0
github.com/roboco-io/gh-project-cli/internal/service/project.go:54.23,67.3 2 0
github.com/roboco-io/gh-project-cli/internal/service/project.go:68.2,68.17 1 0
github.com/roboco-io/gh-project-cli/internal/service/project.go:72.91,77.18 2 2
github.com/roboco-io/gh-project-cli/internal/service/project.go:77.18,79.3 1 0
github.com/roboco-io/gh-project-cli/internal/service/project.go:80.2,80.18 1 2
github.com/roboco-io/gh-project-cli/internal/service/project.go:84.117,85.21 1 1
github.com/roboco-io/gh-project-cli/internal/service/project.go:85.21,87.3 1 0
github.com/roboco-io/gh-project-cli/internal/service/project.go:89.2,93.16 4 1
github.com/roboco-io/gh-project-cli/internal/service/project.go:93.16,95.3 1 1
github.com/roboco-io/gh-project-cli/internal/service/project.go:97.2,97.62 1 0
github.com/roboco-io/gh-project-cli/internal/service/project.go:101.115,102.21 1 1
github.com/roboco-io/gh-project-cli/internal/service/project.go:102.21,104.3 1 0
github.com/roboco-io/gh-project-cli/internal/service/project.go:106.2,110.16 4 1
github.com/roboco-io/gh-project-cli/internal/service/project.go:110.16,112.3 1 1
github.com/roboco-io/gh-project-cli/internal/service/project.go:114.2,114.70 1 0
github.com/roboco-io/gh-project-cli/internal/service/project.go:118.124,119.11 1 2
github.com/roboco-io/gh-project-cli/internal/service/project.go:119.11,127.17 4 0
github.com/roboco-io/gh-project-cli/internal/service/project.go:127.17,129.4 1 0
github.com/roboco-io/gh-project-cli/internal/service/project.go:131.3,131.44 1 0
github.com/roboco-io/gh-project-cli/internal/service/project.go:134.2,141.16 4 2
github.com/roboco-io/gh-project-cli/internal/service/project.go:141.16,143.3 1 2
github.com/roboco-io/gh-project-cli/internal/service/project.go:145.2,145.35 1 0
github.com/roboco-io/gh-project-cli/internal/service/project.go:155.115,163.16 4 1
github.com/roboco-io/gh-project-cli/internal/service/project.go:163.16,165.3 1 1
github.com/roboco-io/gh-project-cli/internal/service/project.go:167.2,167.49 1 0
github.com/roboco-io/gh-project-cli/internal/service/project.go:178.115,187.16 4 1
github.com/roboco-io/gh-project-cli/internal/service/project.go:187.16,189.3 1 1
github.com/roboco-io/gh-project-cli/internal/service/project.go:191.2,191.49 1 0
github.com/roboco-io/gh-project-cli/internal/service/project.go:195.85,202.16 4 1
github.com/roboco-io/gh-project-cli/internal/service/project.go:202.16,204.3 1 1
github.com/roboco-io/gh-project-cli/internal/service/project.go:206.2,206.12 1 0
github.com/roboco-io/gh-project-cli/internal/service/project.go:216.107,224.16 4 1
github.com/roboco-io/gh-project-cli/internal/service/project.go:224.16,226.3 1 1
github.com/roboco-io/gh-project-cli/internal/service/project.go:228.2,228.49 1 0
github.com/roboco-io/gh-project-cli/internal/service/project.go:240.123,250.16 4 1
github.com/roboco-io/gh-project-cli/internal/service/project.go:250.16,252.3 1 1
github.com/roboco-io/gh-project-cli/internal/service/project.go:254.2,254.67 1 0
github.com/roboco-io/gh-project-cli/internal/service/project.go:264.87,272.16 4 1
github.com/roboco-io/gh-project-cli/internal/service/project.go:272.16,274.3 1 1
github.com/roboco-io/gh-project-cli/internal/service/project.go:276.2,276.12 1 0
github.com/roboco-io/gh-project-cli/internal/service/project.go:280.78,283.37 2 5
github.com/roboco-io/gh-project-cli/internal/service/project.go:283.37,284.20 1 20
github.com/roboco-io/gh-project-cli/internal/service/project.go:284.20,287.9 3 4
github.com/roboco-io/gh-project-cli/internal/service/project.go:291.2,291.33 1 5
github.com/roboco-io/gh-project-cli/internal/service/project.go:291.33,293.3 1 2
github.com/roboco-io/gh-project-cli/internal/service/project.go:295.2,296.16 2 3
github.com/roboco-io/gh-project-cli/internal/service/project.go:296.16,298.3 1 1
github.com/roboco-io/gh-project-cli/internal/service/project.go:300.2,300.27 1 2
github.com/roboco-io/gh-project-cli/internal/service/project.go:304.62,306.2 1 2
github.com/roboco-io/gh-project-cli/internal/service/view.go:18.54,22.2 1 9
github.com/roboco-io/gh-project-cli/internal/service/view.go:92.110,101.16 4 1
github.com/roboco-io/gh-project-cli/internal/service/view.go:101.16,103.3 1 1
github.com/roboco-io/gh-project-cli/internal/service/view.go:105.2,105.57 1 0
github.com/roboco-io/gh-project-cli/internal/service/view.go:109.110,118.16 4 1
github.com/roboco-io/gh-project-cli/internal/service/view.go:118.16,120.3 1 1
github.com/roboco-io/gh-project-cli/internal/service/view.go:122.2,122.57 1 0
github.com/roboco-io/gh-project-cli/internal/service/view.go:126.84,133.16 4 1
github.com/roboco-io/gh-project-cli/internal/service/view.go:133.16,135.3 1 1
github.com/roboco-io/gh-project-cli/internal/service/view.go:137.2,137.12 1 0
github.com/roboco-io/gh-project-cli/internal/service/view.go:141.106,150.16 4 1
github.com/roboco-io/gh-project-cli/internal/service/view.go:150.16,152.3 1 1
github.com/roboco-io/gh-project-cli/internal/service/view.go:154.2,154.55 1 0
github.com/roboco-io/gh-project-cli/internal/service/view.go:158.92,167.16 4 1
github.com/roboco-io/gh-project-cli/internal/service/view.go:167.16,169.3 1 1
github.com/roboco-io/gh-project-cli/internal/service/view.go:171.2,171.12 1 0
github.com/roboco-io/gh-project-cli/internal/service/view.go:175.94,184.16 4 1
github.com/roboco-io/gh-project-cli/internal/service/view.go:184.16,186.3 1 1
github.com/roboco-io/gh-project-cli/internal/service/view.go:188.2,188.12 1 0
github.com/roboco-io/gh-project-cli/internal/service/view.go:192.98,199.16 4 1
github.com/roboco-io/gh-project-cli/internal/service/view.go:199.16,201.3 1 1
github.com/roboco-io/gh-project-cli/internal/service/view.go:203.2,204.50 2 0
github.com/roboco-io/gh-project-cli/internal/service/view.go:204.50,207.35 3 0
github.com/roboco-io/gh-project-cli/internal/service/view.go:207.35,213.4 1 0
github.com/roboco-io/gh-project-cli/internal/service/view.go:215.3,216.34 2 0
github.com/roboco-io/gh-project-cli/internal/service/view.go:216.34,222.4 1 0
github.com/roboco-io/gh-project-cli/internal/service/view.go:224.3,233.4 1 0
github.com/roboco-io/gh-project-cli/internal/service/view.go:236.2,236.19 1 0
github.com/roboco-io/gh-project-cli/internal/service/view.go:240.86,247.16 4 1
github.com/roboco-io/gh-project-cli/internal/service/view.go:247.16,249.3 1 1
github.com/roboco-io/gh-project-cli/internal/service/view.go:251.2,254.34 3 0
github.com/roboco-io/gh-project-cli/internal/service/view.go:254.34,260.3 1 0
github.com/roboco-io/gh-project-cli/internal/service/view.go:262.2,263.33 2 0
github.com/roboco-io/gh-project-cli/internal/service/view.go:263.33,269.3 1 0
github.com/roboco-io/gh-project-cli/internal/service/view.go:271.2,281.22 2 0
github.com/roboco-io/gh-project-cli/internal/service/view.go:285.42,286.35 1 5
github.com/roboco-io/gh-project-cli/internal/service/view.go:286.35,288.3 1 2
github.com/roboco-io/gh-project-cli/internal/service/view.go:289.2,289.35 1 3
github.com/roboco-io/gh-project-cli/internal/service/view.go:289.35,291.3 1 1
github.com/roboco-io/gh-project-cli/internal/service/view.go:292.2,292.12 1 2
github.com/roboco-io/gh-project-cli/internal/service/view.go:296.77,297.33 1 5
github.com/roboco-io/gh-project-cli/internal/service/view.go:298.29,299.47 1 2
github.com/roboco-io/gh-project-cli/internal/service/view.go:300.29,301.47 1 1
github.com/roboco-io/gh-project-cli/internal/service/view.go:302.33,303.49 1 1
github.com/roboco-io/gh-project-cli/internal/service/view.go:304.10,306.130 2 1
github.com/roboco-io/gh-project-cli/internal/service/view.go:311.90,312.36 1 5
github.com/roboco-io/gh-project-cli/internal/service/view.go:313.26,314.52 1 2
github.com/roboco-io/gh-project-cli/internal/service/view.go:315.28,316.53 1 2
github.com/roboco-io/gh-project-cli/internal/service/view.go:317.10,320.98 3 1
github.com/roboco-io/gh-project-cli/internal/service/view.go:325.54,326.36 1 4
github.com/roboco-io/gh-project-cli/internal/service/view.go:327.26,328.55 1 2
github.com/roboco-io/gh-project-cli/internal/service/view.go:329.28,330.56 1 2
github.com/roboco-io/gh-project-cli/internal/service/view.go:331.10,332.36 1 0
github.com/roboco-io/gh-project-cli/internal/service/view.go:337.66,339.2 1 3
github.com/roboco-io/gh-project-cli/internal/service/view.go:342.79,344.2 1 2
github.com/roboco-io/gh-project-cli/internal/service/workflow.go:18.62,22.2 1 10
github.com/roboco-io/gh-project-cli/internal/service/workflow.go:99.126,108.16 4 1
github.com/roboco-io/gh-project-cli/internal/service/workflow.go:108.16,110.3 1 1
github.com/roboco-io/gh-project-cli/internal/service/workflow.go:112.2,112.65 1 0
github.com/roboco-io/gh-project-cli/internal/service/workflow.go:116.126,125.16 4 1
github.com/roboco-io/gh-project-cli/internal/service/workflow.go:125.16,127.3 1 1
github.com/roboco-io/gh-project-cli/internal/service/workflow.go:129.2,129.65 1 0
github.com/roboco-io/gh-project-cli/internal/service/workflow.go:133.96,140.16 4 1
github.com/roboco-io/gh-project-cli/internal/service/workflow.go:140.16,142.3 1 1
github.com/roboco-io/gh-project-cli/internal/service/workflow.go:144.2,144.12 1 0
github.com/roboco-io/gh-project-cli/internal/service/workflow.go:148.118,155.16 4 1
github.com/roboco-io/gh-project-cli/internal/service/workflow.go:155.16,157.3 1 1
github.com/roboco-io/gh-project-cli/internal/service/workflow.go:159.2,159.65 1 0
github.com/roboco-io/gh-project-cli/internal/service/workflow.go:163.119,170.16 4 1
github.com/roboco-io/gh-project-cli/internal/service/workflow.go:170.16,172.3 1 1
github.com/roboco-io/gh-project-cli/internal/service/workflow.go:174.2,174.66 1 0
github.com/roboco-io/gh-project-cli/internal/service/workflow.go:178.92,192.2 3 1
github.com/roboco-io/gh-project-cli/internal/service/workflow.go:195.90,211.2 3 1
github.com/roboco-io/gh-project-cli/internal/service/workflow.go:214.110,221.16 4 1
github.com/roboco-io/gh-project-cli/internal/service/workflow.go:221.16,223.3 1 1
github.com/roboco-io/gh-project-cli/internal/service/workflow.go:225.2,226.54 2 0
github.com/roboco-io/gh-project-cli/internal/service/workflow.go:226.54,236.3 2 0
github.com/roboco-io/gh-project-cli/internal/service/workflow.go:238.2,238.23 1 0
github.com/roboco-io/gh-project-cli/internal/service/workflow.go:242.102,249.16 4 1
github.com/roboco-io/gh-project-cli/internal/service/workflow.go:249.16,251.3 1 1
github.com/roboco-io/gh-project-cli/internal/service/workflow.go:253.2,263.26 3 0
github.com/roboco-io/gh-project-cli/internal/service/workflow.go:267.46,268.35 1 5
github.com/roboco-io/gh-project-cli/internal/service/workflow.go:268.35,270.3 1 2
github.com/roboco-io/gh-project-cli/internal/service/workflow.go:271.2,272.27 2 3
github.com/roboco-io/gh-project-cli/internal/service/workflow.go:272.27,274.3 1 1
github.com/roboco-io/gh-project-cli/internal/service/workflow.go:275.2,275.12 1 2
github.com/roboco-io/gh-project-cli/internal/service/workflow.go:279.92,280.68 1 4
github.com/roboco-io/gh-project-cli/internal/service/workflow.go:281.20,282.60 1 1
github.com/roboco-io/gh-project-cli/internal/service/workflow.go:283.22,284.62 1 0
github.com/roboco-io/gh-project-cli/internal/service/workflow.go:285.23,286.63 1 0
github.com/roboco-io/gh-project-cli/internal/service/workflow.go:287.23,288.63 1 1
github.com/roboco-io/gh-project-cli/internal/service/workflow.go:289.24,290.64 1 1
github.com/roboco-io/gh-project-cli/internal/service/workflow.go:291.26,292.66 1 0
github.com/roboco-io/gh-project-cli/internal/service/workflow.go:293.19,294.60 1 0
github.com/roboco-io/gh-project-cli/internal/service/workflow.go:295.10,297.132 2 1
github.com/roboco-io/gh-project-cli/internal/service/workflow.go:302.89,304.24 2 4
github.com/roboco-io/gh-project-cli/internal/service/workflow.go:305.19,306.58 1 1
github.com/roboco-io/gh-project-cli/internal/service/workflow.go:307.21,308.60 1 0
github.com/roboco-io/gh-project-cli/internal/service/workflow.go:309.24,310.62 1 1
github.com/roboco-io/gh-project-cli/internal/service/workflow.go:311.22,312.61 1 1
github.com/roboco-io/gh-project-cli/internal/service/workflow.go:313.24,314.62 1 0
github.com/roboco-io/gh-project-cli/internal/service/workflow.go:315.16,316.56 1 0
github.com/roboco-io/gh-project-cli/internal/service/workflow.go:317.16,318.56 1 0
github.com/roboco-io/gh-project-cli/internal/service/workflow.go:319.21,320.60 1 0
github.com/roboco-io/gh-project-cli/internal/service/workflow.go:321.10,322.98 1 1
github.com/roboco-io/gh-project-cli/internal/service/workflow.go:327.82,329.24 2 4
github.com/roboco-io/gh-project-cli/internal/service/workflow.go:330.22,331.56 1 1
github.com/roboco-io/gh-project-cli/internal/service/workflow.go:332.22,333.56 1 1
github.com/roboco-io/gh-project-cli/internal/service/workflow.go:334.24,335.58 1 0
github.com/roboco-io/gh-project-cli/internal/service/workflow.go:336.19,337.53 1 0
github.com/roboco-io/gh-project-cli/internal/service/workflow.go:338.19,339.53 1 0
github.com/roboco-io/gh-project-cli/internal/service/workflow.go:340.19,341.53 1 1
github.com/roboco-io/gh-project-cli/internal/service/workflow.go:342.18,343.52 1 0
github.com/roboco-io/gh-project-cli/internal/service/workflow.go:344.18,345.52 1 0
github.com/roboco-io/gh-project-cli/internal/service/workflow.go:346.10,347.95 1 1
github.com/roboco-io/gh-project-cli/internal/service/workflow.go:352.81,354.2 1 3
github.com/roboco-io/gh-project-cli/internal/service/workflow.go:357.78,359.2 1 3
github.com/roboco-io/gh-project-cli/internal/service/workflow.go:362.63,364.2 1 3
github.com/roboco-io/gh-project-cli/internal/service/workflow.go:369.56,371.2 1 8
github.com/roboco-io/gh-project-cli/internal/service/workflow.go:374.95,376.2 1 2
github.com/roboco-io/gh-project-cli/internal/service/workflow.go:379.81,381.35 2 0
github.com/roboco-io/gh-project-cli/internal/service/workflow.go:381.35,383.27 2 0
github.com/roboco-io/gh-project-cli/internal/service/workflow.go:383.27,385.4 1 0
github.com/roboco-io/gh-project-cli/internal/service/workflow.go:387.3,394.4 1 0
github.com/roboco-io/gh-project-cli/internal/service/workflow.go:396.2,396.15 1 0
github.com/roboco-io/gh-project-cli/internal/service/workflow.go:400.77,402.33 2 0
github.com/roboco-io/gh-project-cli/internal/service/workflow.go:402.33,404.26 2 0
github.com/roboco-io/gh-project-cli/internal/service/workflow.go:404.26,406.4 1 0
github.com/roboco-io/gh-project-cli/internal/service/workflow.go:408.3,409.25 2 0
github.com/roboco-io/gh-project-cli/internal/service/workflow.go:409.25,411.4 1 0
github.com/roboco-io/gh-project-cli/internal/service/workflow.go:413.3,424.4 1 0
github.com/roboco-io/gh-project-cli/internal/service/workflow.go:426.2,426.15 1 0
